{"/home/travis/build/npmtest/node-npmtest-cqrs-domain/test.js":{"path":"/home/travis/build/npmtest/node-npmtest-cqrs-domain/test.js","s":{"1":2,"2":2,"3":2,"4":2,"5":2,"6":2,"7":2,"8":1,"9":2,"10":2,"11":1,"12":1,"13":1,"14":1,"15":2,"16":2,"17":2,"18":2,"19":1,"20":1,"21":2,"22":2,"23":2,"24":1,"25":1,"26":1,"27":1,"28":1,"29":1,"30":1,"31":1,"32":1,"33":1,"34":1,"35":1,"36":1,"37":1,"38":1,"39":2,"40":2,"41":1,"42":2,"43":2,"44":1,"45":2,"46":2,"47":1,"48":2,"49":2,"50":1,"51":1,"52":1,"53":1,"54":1},"b":{"1":[2,1,1,1],"2":[1,1,1,1],"3":[1,1],"4":[1,1],"5":[1,1],"6":[1,1],"7":[1,1],"8":[1,1],"9":[1,1],"10":[1,1,1],"11":[1,1],"12":[1,1],"13":[1,1],"14":[1,1],"15":[1,1],"16":[1,1],"17":[1,1]},"f":{"1":2,"2":2,"3":2,"4":2,"5":2,"6":1,"7":1,"8":1,"9":2,"10":2,"11":2,"12":2,"13":1},"fnMap":{"1":{"name":"(anonymous_1)","line":12,"loc":{"start":{"line":12,"column":1},"end":{"line":12,"column":13}}},"2":{"name":"(anonymous_2)","line":19,"loc":{"start":{"line":19,"column":5},"end":{"line":19,"column":17}}},"3":{"name":"(anonymous_3)","line":23,"loc":{"start":{"line":23,"column":24},"end":{"line":23,"column":36}}},"4":{"name":"(anonymous_4)","line":61,"loc":{"start":{"line":61,"column":5},"end":{"line":61,"column":17}}},"5":{"name":"(anonymous_5)","line":82,"loc":{"start":{"line":82,"column":5},"end":{"line":82,"column":17}}},"6":{"name":"(anonymous_6)","line":91,"loc":{"start":{"line":91,"column":77},"end":{"line":94,"column":10}}},"7":{"name":"(anonymous_7)","line":112,"loc":{"start":{"line":112,"column":83},"end":{"line":115,"column":10}},"skip":true},"8":{"name":"(anonymous_8)","line":123,"loc":{"start":{"line":123,"column":77},"end":{"line":126,"column":10}},"skip":true},"9":{"name":"(anonymous_9)","line":139,"loc":{"start":{"line":139,"column":12},"end":{"line":139,"column":40}},"skip":true},"10":{"name":"(anonymous_10)","line":147,"loc":{"start":{"line":147,"column":77},"end":{"line":150,"column":10}},"skip":true},"11":{"name":"(anonymous_11)","line":158,"loc":{"start":{"line":158,"column":83},"end":{"line":161,"column":10}},"skip":true},"12":{"name":"(anonymous_12)","line":169,"loc":{"start":{"line":169,"column":79},"end":{"line":172,"column":10}},"skip":true},"13":{"name":"(anonymous_13)","line":180,"loc":{"start":{"line":180,"column":75},"end":{"line":183,"column":10}},"skip":true}},"statementMap":{"1":{"start":{"line":12,"column":0},"end":{"line":195,"column":5}},"2":{"start":{"line":14,"column":4},"end":{"line":14,"column":14}},"3":{"start":{"line":19,"column":4},"end":{"line":56,"column":9}},"4":{"start":{"line":21,"column":8},"end":{"line":21,"column":19}},"5":{"start":{"line":23,"column":8},"end":{"line":35,"column":13}},"6":{"start":{"line":24,"column":12},"end":{"line":34,"column":13}},"7":{"start":{"line":25,"column":16},"end":{"line":28,"column":30}},"8":{"start":{"line":30,"column":16},"end":{"line":33,"column":27}},"9":{"start":{"line":37,"column":8},"end":{"line":39,"column":21}},"10":{"start":{"line":40,"column":8},"end":{"line":53,"column":9}},"11":{"start":{"line":43,"column":12},"end":{"line":46,"column":14}},"12":{"start":{"line":47,"column":12},"end":{"line":47,"column":18}},"13":{"start":{"line":50,"column":12},"end":{"line":51,"column":46}},"14":{"start":{"line":52,"column":12},"end":{"line":52,"column":18}},"15":{"start":{"line":55,"column":8},"end":{"line":55,"column":35}},"16":{"start":{"line":61,"column":4},"end":{"line":63,"column":9}},"17":{"start":{"line":62,"column":8},"end":{"line":62,"column":15}},"18":{"start":{"line":64,"column":4},"end":{"line":77,"column":5}},"19":{"start":{"line":70,"column":8},"end":{"line":70,"column":14}},"20":{"start":{"line":76,"column":8},"end":{"line":76,"column":14}},"21":{"start":{"line":82,"column":4},"end":{"line":84,"column":9}},"22":{"start":{"line":83,"column":8},"end":{"line":83,"column":15}},"23":{"start":{"line":85,"column":4},"end":{"line":194,"column":5}},"24":{"start":{"line":91,"column":8},"end":{"line":99,"column":10}},"25":{"start":{"line":98,"column":12},"end":{"line":98,"column":35}},"26":{"start":{"line":102,"column":8},"end":{"line":104,"column":63}},"27":{"start":{"line":105,"column":8},"end":{"line":105,"column":14}},"28":{"start":{"line":112,"column":8},"end":{"line":121,"column":10},"skip":true},"29":{"start":{"line":119,"column":12},"end":{"line":119,"column":55},"skip":true},"30":{"start":{"line":120,"column":12},"end":{"line":120,"column":48},"skip":true},"31":{"start":{"line":123,"column":8},"end":{"line":136,"column":10},"skip":true},"32":{"start":{"line":130,"column":12},"end":{"line":130,"column":76},"skip":true},"33":{"start":{"line":131,"column":12},"end":{"line":131,"column":73},"skip":true},"34":{"start":{"line":132,"column":12},"end":{"line":132,"column":74},"skip":true},"35":{"start":{"line":133,"column":12},"end":{"line":133,"column":79},"skip":true},"36":{"start":{"line":134,"column":12},"end":{"line":134,"column":25},"skip":true},"37":{"start":{"line":135,"column":12},"end":{"line":135,"column":45},"skip":true},"38":{"start":{"line":138,"column":8},"end":{"line":145,"column":14},"skip":true},"39":{"start":{"line":143,"column":16},"end":{"line":143,"column":29},"skip":true},"40":{"start":{"line":144,"column":16},"end":{"line":144,"column":55},"skip":true},"41":{"start":{"line":147,"column":8},"end":{"line":156,"column":10},"skip":true},"42":{"start":{"line":154,"column":12},"end":{"line":154,"column":25},"skip":true},"43":{"start":{"line":155,"column":12},"end":{"line":155,"column":45},"skip":true},"44":{"start":{"line":158,"column":8},"end":{"line":167,"column":10},"skip":true},"45":{"start":{"line":165,"column":12},"end":{"line":165,"column":25},"skip":true},"46":{"start":{"line":166,"column":12},"end":{"line":166,"column":48},"skip":true},"47":{"start":{"line":169,"column":8},"end":{"line":178,"column":10},"skip":true},"48":{"start":{"line":176,"column":12},"end":{"line":176,"column":25},"skip":true},"49":{"start":{"line":177,"column":12},"end":{"line":177,"column":46},"skip":true},"50":{"start":{"line":180,"column":8},"end":{"line":189,"column":10},"skip":true},"51":{"start":{"line":187,"column":12},"end":{"line":187,"column":94},"skip":true},"52":{"start":{"line":188,"column":12},"end":{"line":188,"column":48},"skip":true},"53":{"start":{"line":192,"column":8},"end":{"line":192,"column":35},"skip":true},"54":{"start":{"line":193,"column":8},"end":{"line":193,"column":14},"skip":true}},"branchMap":{"1":{"line":25,"type":"binary-expr","locations":[{"start":{"line":25,"column":23},"end":{"line":25,"column":62}},{"start":{"line":26,"column":20},"end":{"line":26,"column":70}},{"start":{"line":27,"column":20},"end":{"line":27,"column":71}},{"start":{"line":28,"column":20},"end":{"line":28,"column":29}}]},"2":{"line":30,"type":"binary-expr","locations":[{"start":{"line":30,"column":23},"end":{"line":30,"column":37}},{"start":{"line":31,"column":20},"end":{"line":31,"column":61}},{"start":{"line":32,"column":20},"end":{"line":32,"column":70}},{"start":{"line":33,"column":20},"end":{"line":33,"column":26}}]},"3":{"line":37,"type":"cond-expr","locations":[{"start":{"line":38,"column":14},"end":{"line":38,"column":20}},{"start":{"line":39,"column":14},"end":{"line":39,"column":20}}]},"4":{"line":40,"type":"switch","locations":[{"start":{"line":42,"column":8},"end":{"line":47,"column":18}},{"start":{"line":49,"column":8},"end":{"line":52,"column":18}}]},"5":{"line":44,"type":"binary-expr","locations":[{"start":{"line":44,"column":16},"end":{"line":44,"column":44}},{"start":{"line":44,"column":48},"end":{"line":44,"column":66}}]},"6":{"line":50,"type":"binary-expr","locations":[{"start":{"line":50,"column":21},"end":{"line":50,"column":49}},{"start":{"line":50,"column":53},"end":{"line":50,"column":72}}]},"7":{"line":64,"type":"switch","locations":[{"start":{"line":69,"column":4},"end":{"line":70,"column":14}},{"start":{"line":75,"column":4},"end":{"line":76,"column":14}}]},"8":{"line":85,"type":"switch","locations":[{"start":{"line":90,"column":4},"end":{"line":105,"column":14}},{"start":{"line":111,"column":4},"end":{"line":193,"column":14},"skip":true}]},"9":{"line":91,"type":"binary-expr","locations":[{"start":{"line":91,"column":42},"end":{"line":91,"column":73}},{"start":{"line":91,"column":77},"end":{"line":99,"column":9}}]},"10":{"line":102,"type":"binary-expr","locations":[{"start":{"line":102,"column":18},"end":{"line":102,"column":32}},{"start":{"line":103,"column":12},"end":{"line":103,"column":53}},{"start":{"line":104,"column":12},"end":{"line":104,"column":61}}]},"11":{"line":112,"type":"binary-expr","locations":[{"start":{"line":112,"column":45},"end":{"line":112,"column":79},"skip":true},{"start":{"line":112,"column":83},"end":{"line":121,"column":9},"skip":true}]},"12":{"line":123,"type":"binary-expr","locations":[{"start":{"line":123,"column":42},"end":{"line":123,"column":73},"skip":true},{"start":{"line":123,"column":77},"end":{"line":136,"column":9},"skip":true}]},"13":{"line":138,"type":"binary-expr","locations":[{"start":{"line":138,"column":48},"end":{"line":138,"column":85},"skip":true},{"start":{"line":139,"column":12},"end":{"line":145,"column":13},"skip":true}]},"14":{"line":147,"type":"binary-expr","locations":[{"start":{"line":147,"column":42},"end":{"line":147,"column":73},"skip":true},{"start":{"line":147,"column":77},"end":{"line":156,"column":9},"skip":true}]},"15":{"line":158,"type":"binary-expr","locations":[{"start":{"line":158,"column":45},"end":{"line":158,"column":79},"skip":true},{"start":{"line":158,"column":83},"end":{"line":167,"column":9},"skip":true}]},"16":{"line":169,"type":"binary-expr","locations":[{"start":{"line":169,"column":43},"end":{"line":169,"column":75},"skip":true},{"start":{"line":169,"column":79},"end":{"line":178,"column":9},"skip":true}]},"17":{"line":180,"type":"binary-expr","locations":[{"start":{"line":180,"column":41},"end":{"line":180,"column":71},"skip":true},{"start":{"line":180,"column":75},"end":{"line":189,"column":9},"skip":true}]}},"code":["/* istanbul instrument in package npmtest_cqrs_domain */","/*jslint","    bitwise: true,","    browser: true,","    maxerr: 8,","    maxlen: 96,","    node: true,","    nomen: true,","    regexp: true,","    stupid: true","*/","(function () {","    'use strict';","    var local;","","","","    // run shared js-env code - pre-init","    (function () {","        // init local","        local = {};","        // init modeJs","        local.modeJs = (function () {","            try {","                return typeof navigator.userAgent === 'string' &&","                    typeof document.querySelector('body') === 'object' &&","                    typeof XMLHttpRequest.prototype.open === 'function' &&","                    'browser';","            } catch (errorCaughtBrowser) {","                return module.exports &&","                    typeof process.versions.node === 'string' &&","                    typeof require('http').createServer === 'function' &&","                    'node';","            }","        }());","        // init global","        local.global = local.modeJs === 'browser'","            ? window","            : global;","        switch (local.modeJs) {","        // re-init local from window.local","        case 'browser':","            local = local.global.utility2.objectSetDefault(","                local.global.utility2_rollup || local.global.local,","                local.global.utility2","            );","            break;","        // re-init local from example.js","        case 'node':","            local = (local.global.utility2_rollup || require('utility2'))","                .requireExampleJsFromReadme();","            break;","        }","        // export local","        local.global.local = local;","    }());","","","","    // run shared js-env code - function","    (function () {","        return;","    }());","    switch (local.modeJs) {","","","","    // run browser js-env code - function","    case 'browser':","        break;","","","","    // run node js-env code - function","    case 'node':","        break;","    }","","","","    // run shared js-env code - post-init","    (function () {","        return;","    }());","    switch (local.modeJs) {","","","","    // run browser js-env code - post-init","    case 'browser':","        local.testCase_browser_nullCase = local.testCase_browser_nullCase || function (","            options,","            onError","        ) {","        /*","         * this function will test browsers's null-case handling-behavior-behavior","         */","            onError(null, options);","        };","","        // run tests","        local.nop(local.modeTest &&","            document.querySelector('#testRunButton1') &&","            document.querySelector('#testRunButton1').click());","        break;","","","","    // run node js-env code - post-init","    /* istanbul ignore next */","    case 'node':","        local.testCase_buildApidoc_default = local.testCase_buildApidoc_default || function (","            options,","            onError","        ) {","        /*","         * this function will test buildApidoc's default handling-behavior-behavior","         */","            options = { modulePathList: module.paths };","            local.buildApidoc(options, onError);","        };","","        local.testCase_buildApp_default = local.testCase_buildApp_default || function (","            options,","            onError","        ) {","        /*","         * this function will test buildApp's default handling-behavior-behavior","         */","            local.testCase_buildReadme_default(options, local.onErrorThrow);","            local.testCase_buildLib_default(options, local.onErrorThrow);","            local.testCase_buildTest_default(options, local.onErrorThrow);","            local.testCase_buildCustomOrg_default(options, local.onErrorThrow);","            options = [];","            local.buildApp(options, onError);","        };","","        local.testCase_buildCustomOrg_default = local.testCase_buildCustomOrg_default ||","            function (options, onError) {","            /*","             * this function will test buildCustomOrg's default handling-behavior","             */","                options = {};","                local.buildCustomOrg(options, onError);","            };","","        local.testCase_buildLib_default = local.testCase_buildLib_default || function (","            options,","            onError","        ) {","        /*","         * this function will test buildLib's default handling-behavior","         */","            options = {};","            local.buildLib(options, onError);","        };","","        local.testCase_buildReadme_default = local.testCase_buildReadme_default || function (","            options,","            onError","        ) {","        /*","         * this function will test buildReadme's default handling-behavior-behavior","         */","            options = {};","            local.buildReadme(options, onError);","        };","","        local.testCase_buildTest_default = local.testCase_buildTest_default || function (","            options,","            onError","        ) {","        /*","         * this function will test buildTest's default handling-behavior","         */","            options = {};","            local.buildTest(options, onError);","        };","","        local.testCase_webpage_default = local.testCase_webpage_default || function (","            options,","            onError","        ) {","        /*","         * this function will test webpage's default handling-behavior","         */","            options = { modeCoverageMerge: true, url: local.serverLocalHost + '?modeTest=1' };","            local.browserTest(options, onError);","        };","","        // run test-server","        local.testRunServer(local);","        break;","    }","}());",""],"l":{"12":2,"14":2,"19":2,"21":2,"23":2,"24":2,"25":2,"30":1,"37":2,"40":2,"43":1,"47":1,"50":1,"52":1,"55":2,"61":2,"62":2,"64":2,"70":1,"76":1,"82":2,"83":2,"85":2,"91":1,"98":1,"102":1,"105":1,"112":1,"119":1,"120":1,"123":1,"130":1,"131":1,"132":1,"133":1,"134":1,"135":1,"138":1,"143":2,"144":2,"147":1,"154":2,"155":2,"158":1,"165":2,"166":2,"169":1,"176":2,"177":2,"180":1,"187":1,"188":1,"192":1,"193":1}},"/home/travis/build/npmtest/node-npmtest-cqrs-domain/lib.npmtest_cqrs_domain.js":{"path":"/home/travis/build/npmtest/node-npmtest-cqrs-domain/lib.npmtest_cqrs_domain.js","s":{"1":2,"2":2,"3":2,"4":2,"5":2,"6":2,"7":2,"8":1,"9":2,"10":2,"11":2,"12":2,"13":1,"14":1,"15":1,"16":1},"b":{"1":[2,1,1,1],"2":[1,1,1,1],"3":[1,1],"4":[2,2],"5":[1,1]},"f":{"1":2,"2":2,"3":2},"fnMap":{"1":{"name":"(anonymous_1)","line":12,"loc":{"start":{"line":12,"column":1},"end":{"line":12,"column":13}}},"2":{"name":"(anonymous_2)","line":19,"loc":{"start":{"line":19,"column":5},"end":{"line":19,"column":17}}},"3":{"name":"(anonymous_3)","line":23,"loc":{"start":{"line":23,"column":24},"end":{"line":23,"column":36}}}},"statementMap":{"1":{"start":{"line":12,"column":0},"end":{"line":53,"column":5}},"2":{"start":{"line":14,"column":4},"end":{"line":14,"column":14}},"3":{"start":{"line":19,"column":4},"end":{"line":52,"column":9}},"4":{"start":{"line":21,"column":8},"end":{"line":21,"column":19}},"5":{"start":{"line":23,"column":8},"end":{"line":35,"column":13}},"6":{"start":{"line":24,"column":12},"end":{"line":34,"column":13}},"7":{"start":{"line":25,"column":16},"end":{"line":28,"column":30}},"8":{"start":{"line":30,"column":16},"end":{"line":33,"column":27}},"9":{"start":{"line":37,"column":8},"end":{"line":39,"column":21}},"10":{"start":{"line":41,"column":8},"end":{"line":41,"column":54}},"11":{"start":{"line":43,"column":8},"end":{"line":43,"column":56}},"12":{"start":{"line":45,"column":8},"end":{"line":51,"column":9}},"13":{"start":{"line":46,"column":12},"end":{"line":46,"column":62}},"14":{"start":{"line":48,"column":12},"end":{"line":48,"column":35}},"15":{"start":{"line":49,"column":12},"end":{"line":49,"column":49}},"16":{"start":{"line":50,"column":12},"end":{"line":50,"column":43}}},"branchMap":{"1":{"line":25,"type":"binary-expr","locations":[{"start":{"line":25,"column":23},"end":{"line":25,"column":62}},{"start":{"line":26,"column":20},"end":{"line":26,"column":70}},{"start":{"line":27,"column":20},"end":{"line":27,"column":71}},{"start":{"line":28,"column":20},"end":{"line":28,"column":29}}]},"2":{"line":30,"type":"binary-expr","locations":[{"start":{"line":30,"column":23},"end":{"line":30,"column":37}},{"start":{"line":31,"column":20},"end":{"line":31,"column":61}},{"start":{"line":32,"column":20},"end":{"line":32,"column":70}},{"start":{"line":33,"column":20},"end":{"line":33,"column":26}}]},"3":{"line":37,"type":"cond-expr","locations":[{"start":{"line":38,"column":14},"end":{"line":38,"column":20}},{"start":{"line":39,"column":14},"end":{"line":39,"column":20}}]},"4":{"line":41,"type":"binary-expr","locations":[{"start":{"line":41,"column":16},"end":{"line":41,"column":44}},{"start":{"line":41,"column":48},"end":{"line":41,"column":53}}]},"5":{"line":45,"type":"if","locations":[{"start":{"line":45,"column":8},"end":{"line":45,"column":8}},{"start":{"line":45,"column":8},"end":{"line":45,"column":8}}]}},"code":["/* istanbul instrument in package npmtest_cqrs_domain */","/*jslint","    bitwise: true,","    browser: true,","    maxerr: 8,","    maxlen: 96,","    node: true,","    nomen: true,","    regexp: true,","    stupid: true","*/","(function () {","    'use strict';","    var local;","","","","    // run shared js-env code - pre-init","    (function () {","        // init local","        local = {};","        // init modeJs","        local.modeJs = (function () {","            try {","                return typeof navigator.userAgent === 'string' &&","                    typeof document.querySelector('body') === 'object' &&","                    typeof XMLHttpRequest.prototype.open === 'function' &&","                    'browser';","            } catch (errorCaughtBrowser) {","                return module.exports &&","                    typeof process.versions.node === 'string' &&","                    typeof require('http').createServer === 'function' &&","                    'node';","            }","        }());","        // init global","        local.global = local.modeJs === 'browser'","            ? window","            : global;","        // init utility2_rollup","        local = local.global.utility2_rollup || local;","        // init lib","        local.local = local.npmtest_cqrs_domain = local;","        // init exports","        if (local.modeJs === 'browser') {","            local.global.utility2_npmtest_cqrs_domain = local;","        } else {","            module.exports = local;","            module.exports.__dirname = __dirname;","            module.exports.module = module;","        }","    }());","}());",""],"l":{"12":2,"14":2,"19":2,"21":2,"23":2,"24":2,"25":2,"30":1,"37":2,"41":2,"43":2,"45":2,"46":1,"48":1,"49":1,"50":1}},"/home/travis/build/npmtest/node-npmtest-cqrs-domain/example.js":{"path":"/home/travis/build/npmtest/node-npmtest-cqrs-domain/example.js","s":{"1":2,"2":2,"3":2,"4":2,"5":2,"6":2,"7":2,"8":1,"9":2,"10":2,"11":2,"12":2,"13":1,"14":2,"15":2,"16":2,"17":2,"18":2,"19":0,"20":2,"21":1,"22":1,"23":1,"24":1,"25":1,"26":0,"27":0,"28":1,"29":1,"30":2,"31":0,"32":0,"33":0,"34":1,"35":2,"36":2,"37":3,"38":3,"39":3,"40":3,"41":0,"42":3,"43":3,"44":3,"45":1,"46":3,"47":1,"48":1,"49":1,"50":1,"51":1,"52":1,"53":1,"54":1,"55":1,"56":1,"57":0,"58":1,"59":6,"60":6,"61":1,"62":2,"63":0,"64":2,"65":1,"66":1,"67":0,"68":0,"69":0,"70":0,"71":0,"72":0,"73":0,"74":0,"75":0,"76":0,"77":0,"78":0,"79":0,"80":0,"81":0,"82":0,"83":0},"b":{"1":[2,1,1,1],"2":[1,1,1,1],"3":[1,1],"4":[2,2],"5":[1,1],"6":[1,1],"7":[2,0],"8":[2,1,1,1,1,1],"9":[0,2,0],"10":[1,1],"11":[2,1,1],"12":[1,0],"13":[0,2],"14":[2,0,0,0,0,0,0],"15":[0,3],"16":[3,0],"17":[1,1],"18":[0,1],"19":[1,2,0,2],"20":[1,0],"21":[1,1],"22":[0,0],"23":[0,0],"24":[0,0],"25":[0,0],"26":[0,0],"27":[0,0],"28":[0,0]},"f":{"1":2,"2":2,"3":2,"4":2,"5":2,"6":2,"7":3,"8":3,"9":3,"10":1,"11":6,"12":0},"fnMap":{"1":{"name":"(anonymous_1)","line":26,"loc":{"start":{"line":26,"column":1},"end":{"line":26,"column":13}}},"2":{"name":"(anonymous_2)","line":33,"loc":{"start":{"line":33,"column":5},"end":{"line":33,"column":17}}},"3":{"name":"(anonymous_3)","line":37,"loc":{"start":{"line":37,"column":24},"end":{"line":37,"column":36}}},"4":{"name":"(anonymous_4)","line":69,"loc":{"start":{"line":69,"column":31},"end":{"line":69,"column":48}},"skip":true},"5":{"name":"(anonymous_5)","line":78,"loc":{"start":{"line":78,"column":26},"end":{"line":78,"column":45}},"skip":true},"6":{"name":"(anonymous_6)","line":123,"loc":{"start":{"line":123,"column":33},"end":{"line":123,"column":48}},"skip":true},"7":{"name":"(anonymous_7)","line":125,"loc":{"start":{"line":125,"column":27},"end":{"line":125,"column":39}},"skip":true},"8":{"name":"(anonymous_8)","line":133,"loc":{"start":{"line":133,"column":59},"end":{"line":133,"column":74}},"skip":true},"9":{"name":"(anonymous_9)","line":143,"loc":{"start":{"line":143,"column":45},"end":{"line":143,"column":62}},"skip":true},"10":{"name":"(anonymous_10)","line":144,"loc":{"start":{"line":144,"column":73},"end":{"line":144,"column":92}},"skip":true},"11":{"name":"(anonymous_11)","line":272,"loc":{"start":{"line":272,"column":51},"end":{"line":272,"column":77}},"skip":true},"12":{"name":"(anonymous_12)","line":315,"loc":{"start":{"line":315,"column":32},"end":{"line":315,"column":61}},"skip":true}},"statementMap":{"1":{"start":{"line":26,"column":0},"end":{"line":326,"column":5}},"2":{"start":{"line":28,"column":4},"end":{"line":28,"column":14}},"3":{"start":{"line":33,"column":4},"end":{"line":60,"column":9}},"4":{"start":{"line":35,"column":8},"end":{"line":35,"column":19}},"5":{"start":{"line":37,"column":8},"end":{"line":49,"column":13}},"6":{"start":{"line":38,"column":12},"end":{"line":48,"column":13}},"7":{"start":{"line":39,"column":16},"end":{"line":42,"column":30}},"8":{"start":{"line":44,"column":16},"end":{"line":47,"column":27}},"9":{"start":{"line":51,"column":8},"end":{"line":53,"column":21}},"10":{"start":{"line":55,"column":8},"end":{"line":57,"column":45}},"11":{"start":{"line":59,"column":8},"end":{"line":59,"column":35}},"12":{"start":{"line":61,"column":4},"end":{"line":325,"column":5}},"13":{"start":{"line":69,"column":8},"end":{"line":121,"column":10},"skip":true},"14":{"start":{"line":70,"column":12},"end":{"line":88,"column":13},"skip":true},"15":{"start":{"line":76,"column":16},"end":{"line":87,"column":19},"skip":true},"16":{"start":{"line":79,"column":20},"end":{"line":86,"column":21},"skip":true},"17":{"start":{"line":82,"column":24},"end":{"line":82,"column":43},"skip":true},"18":{"start":{"line":83,"column":24},"end":{"line":83,"column":30},"skip":true},"19":{"start":{"line":85,"column":24},"end":{"line":85,"column":49},"skip":true},"20":{"start":{"line":89,"column":12},"end":{"line":107,"column":13},"skip":true},"21":{"start":{"line":92,"column":16},"end":{"line":102,"column":17},"skip":true},"22":{"start":{"line":93,"column":20},"end":{"line":93,"column":86},"skip":true},"23":{"start":{"line":94,"column":20},"end":{"line":95,"column":45},"skip":true},"24":{"start":{"line":96,"column":20},"end":{"line":96,"column":42},"skip":true},"25":{"start":{"line":97,"column":20},"end":{"line":97,"column":48},"skip":true},"26":{"start":{"line":100,"column":20},"end":{"line":100,"column":85},"skip":true},"27":{"start":{"line":101,"column":20},"end":{"line":101,"column":96},"skip":true},"28":{"start":{"line":103,"column":16},"end":{"line":103,"column":22},"skip":true},"29":{"start":{"line":106,"column":16},"end":{"line":106,"column":22},"skip":true},"30":{"start":{"line":108,"column":12},"end":{"line":120,"column":13},"skip":true},"31":{"start":{"line":114,"column":16},"end":{"line":119,"column":17},"skip":true},"32":{"start":{"line":116,"column":20},"end":{"line":116,"column":78},"skip":true},"33":{"start":{"line":118,"column":20},"end":{"line":118,"column":47},"skip":true},"34":{"start":{"line":123,"column":8},"end":{"line":141,"column":11},"skip":true},"35":{"start":{"line":124,"column":12},"end":{"line":124,"column":54},"skip":true},"36":{"start":{"line":125,"column":12},"end":{"line":140,"column":14},"skip":true},"37":{"start":{"line":126,"column":16},"end":{"line":126,"column":28},"skip":true},"38":{"start":{"line":127,"column":16},"end":{"line":127,"column":69},"skip":true},"39":{"start":{"line":128,"column":16},"end":{"line":128,"column":75},"skip":true},"40":{"start":{"line":129,"column":16},"end":{"line":131,"column":17},"skip":true},"41":{"start":{"line":130,"column":20},"end":{"line":130,"column":27},"skip":true},"42":{"start":{"line":133,"column":16},"end":{"line":137,"column":36},"skip":true},"43":{"start":{"line":134,"column":20},"end":{"line":136,"column":55},"skip":true},"44":{"start":{"line":139,"column":16},"end":{"line":139,"column":57},"skip":true},"45":{"start":{"line":143,"column":8},"end":{"line":147,"column":11},"skip":true},"46":{"start":{"line":144,"column":12},"end":{"line":146,"column":15},"skip":true},"47":{"start":{"line":145,"column":16},"end":{"line":145,"column":70},"skip":true},"48":{"start":{"line":149,"column":8},"end":{"line":149,"column":31},"skip":true},"49":{"start":{"line":150,"column":8},"end":{"line":150,"column":14},"skip":true},"50":{"start":{"line":158,"column":8},"end":{"line":158,"column":31},"skip":true},"51":{"start":{"line":160,"column":8},"end":{"line":160,"column":33},"skip":true},"52":{"start":{"line":161,"column":8},"end":{"line":161,"column":37},"skip":true},"53":{"start":{"line":162,"column":8},"end":{"line":162,"column":35},"skip":true},"54":{"start":{"line":164,"column":8},"end":{"line":164,"column":50},"skip":true},"55":{"start":{"line":166,"column":8},"end":{"line":256,"column":2},"skip":true},"56":{"start":{"line":258,"column":8},"end":{"line":286,"column":9},"skip":true},"57":{"start":{"line":259,"column":12},"end":{"line":269,"column":14},"skip":true},"58":{"start":{"line":271,"column":12},"end":{"line":285,"column":19},"skip":true},"59":{"start":{"line":274,"column":20},"end":{"line":274,"column":35},"skip":true},"60":{"start":{"line":275,"column":20},"end":{"line":284,"column":21},"skip":true},"61":{"start":{"line":277,"column":24},"end":{"line":277,"column":64},"skip":true},"62":{"start":{"line":279,"column":24},"end":{"line":279,"column":40},"skip":true},"63":{"start":{"line":281,"column":24},"end":{"line":281,"column":40},"skip":true},"64":{"start":{"line":283,"column":24},"end":{"line":283,"column":39},"skip":true},"65":{"start":{"line":288,"column":8},"end":{"line":290,"column":9},"skip":true},"66":{"start":{"line":289,"column":12},"end":{"line":289,"column":18},"skip":true},"67":{"start":{"line":291,"column":8},"end":{"line":293,"column":54},"skip":true},"68":{"start":{"line":296,"column":8},"end":{"line":301,"column":37},"skip":true},"69":{"start":{"line":303,"column":8},"end":{"line":303,"column":82},"skip":true},"70":{"start":{"line":306,"column":8},"end":{"line":308,"column":9},"skip":true},"71":{"start":{"line":307,"column":12},"end":{"line":307,"column":82},"skip":true},"72":{"start":{"line":310,"column":8},"end":{"line":312,"column":9},"skip":true},"73":{"start":{"line":311,"column":12},"end":{"line":311,"column":18},"skip":true},"74":{"start":{"line":313,"column":8},"end":{"line":313,"column":54},"skip":true},"75":{"start":{"line":314,"column":8},"end":{"line":314,"column":69},"skip":true},"76":{"start":{"line":315,"column":8},"end":{"line":323,"column":36},"skip":true},"77":{"start":{"line":316,"column":12},"end":{"line":316,"column":61},"skip":true},"78":{"start":{"line":317,"column":12},"end":{"line":320,"column":13},"skip":true},"79":{"start":{"line":318,"column":16},"end":{"line":318,"column":75},"skip":true},"80":{"start":{"line":319,"column":16},"end":{"line":319,"column":23},"skip":true},"81":{"start":{"line":321,"column":12},"end":{"line":321,"column":38},"skip":true},"82":{"start":{"line":322,"column":12},"end":{"line":322,"column":27},"skip":true},"83":{"start":{"line":324,"column":8},"end":{"line":324,"column":14},"skip":true}},"branchMap":{"1":{"line":39,"type":"binary-expr","locations":[{"start":{"line":39,"column":23},"end":{"line":39,"column":62}},{"start":{"line":40,"column":20},"end":{"line":40,"column":70}},{"start":{"line":41,"column":20},"end":{"line":41,"column":71}},{"start":{"line":42,"column":20},"end":{"line":42,"column":29}}]},"2":{"line":44,"type":"binary-expr","locations":[{"start":{"line":44,"column":23},"end":{"line":44,"column":37}},{"start":{"line":45,"column":20},"end":{"line":45,"column":61}},{"start":{"line":46,"column":20},"end":{"line":46,"column":70}},{"start":{"line":47,"column":20},"end":{"line":47,"column":26}}]},"3":{"line":51,"type":"cond-expr","locations":[{"start":{"line":52,"column":14},"end":{"line":52,"column":20}},{"start":{"line":53,"column":14},"end":{"line":53,"column":20}}]},"4":{"line":55,"type":"binary-expr","locations":[{"start":{"line":55,"column":16},"end":{"line":55,"column":44}},{"start":{"line":55,"column":49},"end":{"line":57,"column":43}}]},"5":{"line":55,"type":"cond-expr","locations":[{"start":{"line":56,"column":14},"end":{"line":56,"column":55}},{"start":{"line":57,"column":14},"end":{"line":57,"column":43}}]},"6":{"line":61,"type":"switch","locations":[{"start":{"line":68,"column":4},"end":{"line":150,"column":14},"skip":true},{"start":{"line":156,"column":4},"end":{"line":324,"column":14},"skip":true}]},"7":{"line":70,"type":"if","locations":[{"start":{"line":70,"column":12},"end":{"line":70,"column":12},"skip":true},{"start":{"line":70,"column":12},"end":{"line":70,"column":12},"skip":true}]},"8":{"line":70,"type":"binary-expr","locations":[{"start":{"line":70,"column":16},"end":{"line":70,"column":22},"skip":true},{"start":{"line":70,"column":27},"end":{"line":70,"column":32},"skip":true},{"start":{"line":71,"column":20},"end":{"line":71,"column":39},"skip":true},{"start":{"line":72,"column":20},"end":{"line":72,"column":49},"skip":true},{"start":{"line":73,"column":20},"end":{"line":73,"column":58},"skip":true},{"start":{"line":74,"column":20},"end":{"line":74,"column":69},"skip":true}]},"9":{"line":79,"type":"switch","locations":[{"start":{"line":80,"column":20},"end":{"line":80,"column":33},"skip":true},{"start":{"line":81,"column":20},"end":{"line":83,"column":30},"skip":true},{"start":{"line":84,"column":20},"end":{"line":85,"column":49},"skip":true}]},"10":{"line":89,"type":"switch","locations":[{"start":{"line":90,"column":12},"end":{"line":103,"column":22},"skip":true},{"start":{"line":105,"column":12},"end":{"line":106,"column":22},"skip":true}]},"11":{"line":89,"type":"binary-expr","locations":[{"start":{"line":89,"column":20},"end":{"line":89,"column":25},"skip":true},{"start":{"line":89,"column":29},"end":{"line":89,"column":48},"skip":true},{"start":{"line":89,"column":52},"end":{"line":89,"column":74},"skip":true}]},"12":{"line":92,"type":"if","locations":[{"start":{"line":92,"column":16},"end":{"line":92,"column":16},"skip":true},{"start":{"line":92,"column":16},"end":{"line":92,"column":16},"skip":true}]},"13":{"line":108,"type":"if","locations":[{"start":{"line":108,"column":12},"end":{"line":108,"column":12},"skip":true},{"start":{"line":108,"column":12},"end":{"line":108,"column":12},"skip":true}]},"14":{"line":108,"type":"binary-expr","locations":[{"start":{"line":108,"column":16},"end":{"line":108,"column":61},"skip":true},{"start":{"line":108,"column":66},"end":{"line":108,"column":72},"skip":true},{"start":{"line":108,"column":77},"end":{"line":108,"column":82},"skip":true},{"start":{"line":109,"column":20},"end":{"line":109,"column":39},"skip":true},{"start":{"line":110,"column":20},"end":{"line":110,"column":49},"skip":true},{"start":{"line":111,"column":20},"end":{"line":111,"column":58},"skip":true},{"start":{"line":112,"column":20},"end":{"line":112,"column":68},"skip":true}]},"15":{"line":129,"type":"if","locations":[{"start":{"line":129,"column":16},"end":{"line":129,"column":16},"skip":true},{"start":{"line":129,"column":16},"end":{"line":129,"column":16},"skip":true}]},"16":{"line":134,"type":"cond-expr","locations":[{"start":{"line":135,"column":26},"end":{"line":135,"column":29},"skip":true},{"start":{"line":136,"column":26},"end":{"line":136,"column":54},"skip":true}]},"17":{"line":164,"type":"binary-expr","locations":[{"start":{"line":164,"column":27},"end":{"line":164,"column":43},"skip":true},{"start":{"line":164,"column":47},"end":{"line":164,"column":49},"skip":true}]},"18":{"line":258,"type":"if","locations":[{"start":{"line":258,"column":8},"end":{"line":258,"column":8},"skip":true},{"start":{"line":258,"column":8},"end":{"line":258,"column":8},"skip":true}]},"19":{"line":275,"type":"switch","locations":[{"start":{"line":276,"column":20},"end":{"line":277,"column":64},"skip":true},{"start":{"line":278,"column":20},"end":{"line":279,"column":40},"skip":true},{"start":{"line":280,"column":20},"end":{"line":281,"column":40},"skip":true},{"start":{"line":282,"column":20},"end":{"line":283,"column":39},"skip":true}]},"20":{"line":288,"type":"if","locations":[{"start":{"line":288,"column":8},"end":{"line":288,"column":8},"skip":true},{"start":{"line":288,"column":8},"end":{"line":288,"column":8},"skip":true}]},"21":{"line":288,"type":"binary-expr","locations":[{"start":{"line":288,"column":12},"end":{"line":288,"column":40},"skip":true},{"start":{"line":288,"column":44},"end":{"line":288,"column":67},"skip":true}]},"22":{"line":292,"type":"binary-expr","locations":[{"start":{"line":292,"column":12},"end":{"line":292,"column":50},"skip":true},{"start":{"line":293,"column":12},"end":{"line":293,"column":53},"skip":true}]},"23":{"line":297,"type":"binary-expr","locations":[{"start":{"line":297,"column":12},"end":{"line":297,"column":69},"skip":true},{"start":{"line":298,"column":12},"end":{"line":301,"column":36},"skip":true}]},"24":{"line":303,"type":"binary-expr","locations":[{"start":{"line":303,"column":43},"end":{"line":303,"column":75},"skip":true},{"start":{"line":303,"column":79},"end":{"line":303,"column":81},"skip":true}]},"25":{"line":306,"type":"if","locations":[{"start":{"line":306,"column":8},"end":{"line":306,"column":8},"skip":true},{"start":{"line":306,"column":8},"end":{"line":306,"column":8},"skip":true}]},"26":{"line":310,"type":"if","locations":[{"start":{"line":310,"column":8},"end":{"line":310,"column":8},"skip":true},{"start":{"line":310,"column":8},"end":{"line":310,"column":8},"skip":true}]},"27":{"line":313,"type":"binary-expr","locations":[{"start":{"line":313,"column":27},"end":{"line":313,"column":43},"skip":true},{"start":{"line":313,"column":47},"end":{"line":313,"column":53},"skip":true}]},"28":{"line":317,"type":"if","locations":[{"start":{"line":317,"column":12},"end":{"line":317,"column":12},"skip":true},{"start":{"line":317,"column":12},"end":{"line":317,"column":12},"skip":true}]}},"code":["/*","example.js","","quickstart example","","instruction","    1. save this script as example.js","    2. run the shell command:","        $ npm install npmtest-cqrs-domain && PORT=8081 node example.js","    3. play with the browser-demo on http://127.0.0.1:8081","*/","","","","/* istanbul instrument in package npmtest_cqrs_domain */","/*jslint","    bitwise: true,","    browser: true,","    maxerr: 8,","    maxlen: 96,","    node: true,","    nomen: true,","    regexp: true,","    stupid: true","*/","(function () {","    'use strict';","    var local;","","","","    // run shared js-env code - pre-init","    (function () {","        // init local","        local = {};","        // init modeJs","        local.modeJs = (function () {","            try {","                return typeof navigator.userAgent === 'string' &&","                    typeof document.querySelector('body') === 'object' &&","                    typeof XMLHttpRequest.prototype.open === 'function' &&","                    'browser';","            } catch (errorCaughtBrowser) {","                return module.exports &&","                    typeof process.versions.node === 'string' &&","                    typeof require('http').createServer === 'function' &&","                    'node';","            }","        }());","        // init global","        local.global = local.modeJs === 'browser'","            ? window","            : global;","        // init utility2_rollup","        local = local.global.utility2_rollup || (local.modeJs === 'browser'","            ? local.global.utility2_npmtest_cqrs_domain","            : global.utility2_moduleExports);","        // export local","        local.global.local = local;","    }());","    switch (local.modeJs) {","","","","    // post-init","    // run browser js-env code - post-init","    /* istanbul ignore next */","    case 'browser':","        local.testRunBrowser = function (event) {","            if (!event || (event &&","                    event.currentTarget &&","                    event.currentTarget.className &&","                    event.currentTarget.className.includes &&","                    event.currentTarget.className.includes('onreset'))) {","                // reset output","                Array.from(","                    document.querySelectorAll('body > .resettable')","                ).forEach(function (element) {","                    switch (element.tagName) {","                    case 'INPUT':","                    case 'TEXTAREA':","                        element.value = '';","                        break;","                    default:","                        element.textContent = '';","                    }","                });","            }","            switch (event && event.currentTarget && event.currentTarget.id) {","            case 'testRunButton1':","                // show tests","                if (document.querySelector('#testReportDiv1').style.display === 'none') {","                    document.querySelector('#testReportDiv1').style.display = 'block';","                    document.querySelector('#testRunButton1').textContent =","                        'hide internal test';","                    local.modeTest = true;","                    local.testRunDefault(local);","                // hide tests","                } else {","                    document.querySelector('#testReportDiv1').style.display = 'none';","                    document.querySelector('#testRunButton1').textContent = 'run internal test';","                }","                break;","            // custom-case","            default:","                break;","            }","            if (document.querySelector('#inputTextareaEval1') && (!event || (event &&","                    event.currentTarget &&","                    event.currentTarget.className &&","                    event.currentTarget.className.includes &&","                    event.currentTarget.className.includes('oneval')))) {","                // try to eval input-code","                try {","                    /*jslint evil: true*/","                    eval(document.querySelector('#inputTextareaEval1').value);","                } catch (errorCaught) {","                    console.error(errorCaught);","                }","            }","        };","        // log stderr and stdout to #outputTextareaStdout1","        ['error', 'log'].forEach(function (key) {","            console[key + '_original'] = console[key];","            console[key] = function () {","                var element;","                console[key + '_original'].apply(console, arguments);","                element = document.querySelector('#outputTextareaStdout1');","                if (!element) {","                    return;","                }","                // append text to #outputTextareaStdout1","                element.value += Array.from(arguments).map(function (arg) {","                    return typeof arg === 'string'","                        ? arg","                        : JSON.stringify(arg, null, 4);","                }).join(' ') + '\\n';","                // scroll textarea to bottom","                element.scrollTop = element.scrollHeight;","            };","        });","        // init event-handling","        ['change', 'click', 'keyup'].forEach(function (event) {","            Array.from(document.querySelectorAll('.on' + event)).forEach(function (element) {","                element.addEventListener(event, local.testRunBrowser);","            });","        });","        // run tests","        local.testRunBrowser();","        break;","","","","    // run node js-env code - post-init","    /* istanbul ignore next */","    case 'node':","        // export local","        module.exports = local;","        // require modules","        local.fs = require('fs');","        local.http = require('http');","        local.url = require('url');","        // init assets","        local.assetsDict = local.assetsDict || {};","        /* jslint-ignore-begin */","        local.assetsDict['/assets.index.template.html'] = '\\","<!doctype html>\\n\\","<html lang=\"en\">\\n\\","<head>\\n\\","<meta charset=\"UTF-8\">\\n\\","<meta name=\"viewport\" content=\"width=device-width, initial-scale=1\">\\n\\","<title>{{env.npm_package_name}} (v{{env.npm_package_version}})</title>\\n\\","<style>\\n\\","/*csslint\\n\\","    box-sizing: false,\\n\\","    universal-selector: false\\n\\","*/\\n\\","* {\\n\\","    box-sizing: border-box;\\n\\","}\\n\\","body {\\n\\","    background: #dde;\\n\\","    font-family: Arial, Helvetica, sans-serif;\\n\\","    margin: 2rem;\\n\\","}\\n\\","body > * {\\n\\","    margin-bottom: 1rem;\\n\\","}\\n\\",".utility2FooterDiv {\\n\\","    margin-top: 20px;\\n\\","    text-align: center;\\n\\","}\\n\\","</style>\\n\\","<style>\\n\\","/*csslint\\n\\","*/\\n\\","textarea {\\n\\","    font-family: monospace;\\n\\","    height: 10rem;\\n\\","    width: 100%;\\n\\","}\\n\\","textarea[readonly] {\\n\\","    background: #ddd;\\n\\","}\\n\\","</style>\\n\\","</head>\\n\\","<body>\\n\\","<!-- utility2-comment\\n\\","<div id=\"ajaxProgressDiv1\" style=\"background: #d00; height: 2px; left: 0; margin: 0; padding: 0; position: fixed; top: 0; transition: background 0.5s, width 1.5s; width: 25%;\"></div>\\n\\","utility2-comment -->\\n\\","<h1>\\n\\","<!-- utility2-comment\\n\\","    <a\\n\\","        {{#if env.npm_package_homepage}}\\n\\","        href=\"{{env.npm_package_homepage}}\"\\n\\","        {{/if env.npm_package_homepage}}\\n\\","        target=\"_blank\"\\n\\","    >\\n\\","utility2-comment -->\\n\\","        {{env.npm_package_name}} (v{{env.npm_package_version}})\\n\\","<!-- utility2-comment\\n\\","    </a>\\n\\","utility2-comment -->\\n\\","</h1>\\n\\","<h3>{{env.npm_package_description}}</h3>\\n\\","<!-- utility2-comment\\n\\","<h4><a download href=\"assets.app.js\">download standalone app</a></h4>\\n\\","<button class=\"onclick onreset\" id=\"testRunButton1\">run internal test</button><br>\\n\\","<div id=\"testReportDiv1\" style=\"display: none;\"></div>\\n\\","utility2-comment -->\\n\\","\\n\\","\\n\\","\\n\\","<label>stderr and stdout</label>\\n\\","<textarea class=\"resettable\" id=\"outputTextareaStdout1\" readonly></textarea>\\n\\","<!-- utility2-comment\\n\\","{{#if isRollup}}\\n\\","<script src=\"assets.app.js\"></script>\\n\\","{{#unless isRollup}}\\n\\","utility2-comment -->\\n\\","<script src=\"assets.utility2.rollup.js\"></script>\\n\\","<script src=\"jsonp.utility2._stateInit?callback=window.utility2._stateInit\"></script>\\n\\","<script src=\"assets.npmtest_cqrs_domain.rollup.js\"></script>\\n\\","<script src=\"assets.example.js\"></script>\\n\\","<script src=\"assets.test.js\"></script>\\n\\","<!-- utility2-comment\\n\\","{{/if isRollup}}\\n\\","utility2-comment -->\\n\\","<div class=\"utility2FooterDiv\">\\n\\","    [ this app was created with\\n\\","    <a href=\"https://github.com/kaizhu256/node-utility2\" target=\"_blank\">utility2</a>\\n\\","    ]\\n\\","</div>\\n\\","</body>\\n\\","</html>\\n\\","';","        /* jslint-ignore-end */","        if (local.templateRender) {","            local.assetsDict['/'] = local.templateRender(","                local.assetsDict['/assets.index.template.html'],","                {","                    env: local.objectSetDefault(local.env, {","                        npm_package_description: 'the greatest app in the world!',","                        npm_package_name: 'my-app',","                        npm_package_nameAlias: 'my_app',","                        npm_package_version: '0.0.1'","                    })","                }","            );","        } else {","            local.assetsDict['/'] = local.assetsDict['/assets.index.template.html']","                .replace((/\\{\\{env\\.(\\w+?)\\}\\}/g), function (match0, match1) {","                    // jslint-hack","                    String(match0);","                    switch (match1) {","                    case 'npm_package_description':","                        return 'the greatest app in the world!';","                    case 'npm_package_name':","                        return 'my-app';","                    case 'npm_package_nameAlias':","                        return 'my_app';","                    case 'npm_package_version':","                        return '0.0.1';","                    }","                });","        }","        // run the cli","        if (local.global.utility2_rollup || module !== require.main) {","            break;","        }","        local.assetsDict['/assets.example.js'] =","            local.assetsDict['/assets.example.js'] ||","            local.fs.readFileSync(__filename, 'utf8');","        // bug-workaround - long $npm_package_buildCustomOrg","        /* jslint-ignore-begin */","        local.assetsDict['/assets.npmtest_cqrs_domain.rollup.js'] =","            local.assetsDict['/assets.npmtest_cqrs_domain.rollup.js'] ||","            local.fs.readFileSync(","                local.npmtest_cqrs_domain.__dirname + '/lib.npmtest_cqrs_domain.js',","                'utf8'","            ).replace((/^#!/), '//');","        /* jslint-ignore-end */","        local.assetsDict['/favicon.ico'] = local.assetsDict['/favicon.ico'] || '';","        // if $npm_config_timeout_exit exists,","        // then exit this process after $npm_config_timeout_exit ms","        if (Number(process.env.npm_config_timeout_exit)) {","            setTimeout(process.exit, Number(process.env.npm_config_timeout_exit));","        }","        // start server","        if (local.global.utility2_serverHttp1) {","            break;","        }","        process.env.PORT = process.env.PORT || '8081';","        console.error('server starting on port ' + process.env.PORT);","        local.http.createServer(function (request, response) {","            request.urlParsed = local.url.parse(request.url);","            if (local.assetsDict[request.urlParsed.pathname] !== undefined) {","                response.end(local.assetsDict[request.urlParsed.pathname]);","                return;","            }","            response.statusCode = 404;","            response.end();","        }).listen(process.env.PORT);","        break;","    }","}());",""],"l":{"26":2,"28":2,"33":2,"35":2,"37":2,"38":2,"39":2,"44":1,"51":2,"55":2,"59":2,"61":2,"69":1,"70":2,"76":2,"79":2,"82":2,"83":2,"85":1,"89":2,"92":1,"93":1,"94":1,"96":1,"97":1,"100":1,"101":1,"103":1,"106":1,"108":2,"114":1,"116":1,"118":1,"123":1,"124":2,"125":2,"126":3,"127":3,"128":3,"129":3,"130":1,"133":3,"134":3,"139":3,"143":1,"144":3,"145":1,"149":1,"150":1,"158":1,"160":1,"161":1,"162":1,"164":1,"166":1,"258":1,"259":1,"271":1,"274":6,"275":6,"277":1,"279":2,"281":1,"283":2,"288":1,"289":1,"291":1,"296":1,"303":1,"306":1,"307":1,"310":1,"311":1,"313":1,"314":1,"315":1,"316":1,"317":1,"318":1,"319":1,"321":1,"322":1,"324":1}},"/home/travis/build/npmtest/node-npmtest-cqrs-domain/node_modules/cqrs-domain/index.js":{"path":"/home/travis/build/npmtest/node-npmtest-cqrs-domain/node_modules/cqrs-domain/index.js","s":{"1":1,"2":1,"3":0,"4":1,"5":1,"6":0,"7":0,"8":0,"9":1,"10":1,"11":8,"12":8,"13":8,"14":0,"15":1,"16":1},"b":{},"f":{"1":0,"2":0,"3":0,"4":8,"5":0},"fnMap":{"1":{"name":"domain","line":14,"loc":{"start":{"line":14,"column":0},"end":{"line":14,"column":26}}},"2":{"name":"construct","line":24,"loc":{"start":{"line":24,"column":0},"end":{"line":24,"column":32}}},"3":{"name":"T","line":25,"loc":{"start":{"line":25,"column":2},"end":{"line":25,"column":15}}},"4":{"name":"(anonymous_4)","line":34,"loc":{"start":{"line":34,"column":14},"end":{"line":34,"column":30}}},"5":{"name":"(anonymous_5)","line":37,"loc":{"start":{"line":37,"column":31},"end":{"line":37,"column":43}}}},"statementMap":{"1":{"start":{"line":3,"column":0},"end":{"line":12,"column":25}},"2":{"start":{"line":14,"column":0},"end":{"line":16,"column":1}},"3":{"start":{"line":15,"column":2},"end":{"line":15,"column":29}},"4":{"start":{"line":24,"column":0},"end":{"line":30,"column":1}},"5":{"start":{"line":25,"column":2},"end":{"line":27,"column":3}},"6":{"start":{"line":26,"column":4},"end":{"line":26,"column":36}},"7":{"start":{"line":28,"column":2},"end":{"line":28,"column":32}},"8":{"start":{"line":29,"column":2},"end":{"line":29,"column":21}},"9":{"start":{"line":32,"column":0},"end":{"line":32,"column":68}},"10":{"start":{"line":34,"column":0},"end":{"line":40,"column":3}},"11":{"start":{"line":35,"column":2},"end":{"line":35,"column":40}},"12":{"start":{"line":36,"column":2},"end":{"line":36,"column":61}},"13":{"start":{"line":37,"column":2},"end":{"line":39,"column":4}},"14":{"start":{"line":38,"column":4},"end":{"line":38,"column":81}},"15":{"start":{"line":42,"column":0},"end":{"line":49,"column":2}},"16":{"start":{"line":51,"column":0},"end":{"line":51,"column":24}}},"branchMap":{},"code":["'use strict';","","var Domain = require('./lib/domain'),","  ValidationError = require('./lib/errors/validationError'),","  BusinessRuleError = require('./lib/errors/businessRuleError'),","  AggregateConcurrencyError = require('./lib/errors/aggregateConcurrencyError'),","  AggregateDestroyedError = require('./lib/errors/aggregateDestroyedError'),","  ConcurrencyError = require('./lib/errors/concurrencyError'),","  DuplicateCommandError = require('./lib/errors/duplicateCommandError'),","  _ = require('lodash'),","  fs = require('fs'),","  path = require('path');","","function domain (options) {","  return new Domain(options);","}","","/**"," * Calls the constructor."," * @param  {Object} klass Constructor function."," * @param  {Array}  args  Arguments for the constructor function."," * @return {Object}       The new object."," */","function construct(klass, args) {","  function T() {","    klass.apply(this, arguments[0]);","  }","  T.prototype = klass.prototype;","  return new T(args);","}","","var files = fs.readdirSync(path.join(__dirname, 'lib/definitions'));","","files.forEach(function (file) {","  var name = path.basename(file, '.js');","  var nameCap = name.charAt(0).toUpperCase() + name.slice(1);","  domain['define' + nameCap] = function () {","    return construct(require('./lib/definitions/' + name), _.toArray(arguments));","  };","});","","domain.errors = {","  ValidationError: ValidationError,","  BusinessRuleError: BusinessRuleError,","  AggregateConcurrencyError: AggregateConcurrencyError,","  AggregateDestroyedError: AggregateDestroyedError,","  ConcurrencyError: ConcurrencyError,","  DuplicateCommandError: DuplicateCommandError","};","","module.exports = domain;",""],"l":{"3":1,"14":1,"15":0,"24":1,"25":1,"26":0,"28":0,"29":0,"32":1,"34":1,"35":8,"36":8,"37":8,"38":0,"42":1,"51":1}},"/home/travis/build/npmtest/node-npmtest-cqrs-domain/node_modules/cqrs-domain/lib/domain.js":{"path":"/home/travis/build/npmtest/node-npmtest-cqrs-domain/node_modules/cqrs-domain/lib/domain.js","s":{"1":1,"2":1,"3":0,"4":0,"5":1,"6":0,"7":0,"8":0,"9":0,"10":0,"11":0,"12":0,"13":0,"14":1,"15":0,"16":0,"17":1,"18":0,"19":0,"20":1,"21":0,"22":0,"23":0,"24":0,"25":0,"26":0,"27":0,"28":1,"29":0,"30":0,"31":0,"32":0,"33":0,"34":0,"35":0,"36":1,"37":0,"38":0,"39":0,"40":0,"41":0,"42":0,"43":0,"44":0,"45":0,"46":0,"47":0,"48":0,"49":0,"50":0,"51":0,"52":0,"53":0,"54":0,"55":0,"56":0,"57":0,"58":1,"59":1,"60":0,"61":0,"62":0,"63":0,"64":0,"65":0,"66":0,"67":0,"68":0,"69":0,"70":0,"71":0,"72":0,"73":0,"74":0,"75":0,"76":0,"77":0,"78":0,"79":0,"80":0,"81":0,"82":0,"83":0,"84":0,"85":0,"86":0,"87":0,"88":0,"89":0,"90":0,"91":0,"92":0,"93":0,"94":0,"95":0,"96":0,"97":0,"98":0,"99":0,"100":0,"101":0,"102":0,"103":0,"104":0,"105":0,"106":0,"107":0,"108":0,"109":0,"110":0,"111":0,"112":0,"113":0,"114":0,"115":0,"116":0,"117":0,"118":0,"119":0,"120":0,"121":0,"122":0,"123":0,"124":0,"125":0,"126":0,"127":0,"128":0,"129":0,"130":0,"131":0,"132":0,"133":0,"134":0,"135":0,"136":0,"137":0,"138":0,"139":0,"140":0,"141":0,"142":0,"143":0,"144":0,"145":0,"146":0,"147":0,"148":0,"149":0,"150":0,"151":0,"152":0,"153":0,"154":0,"155":0,"156":0,"157":0,"158":0,"159":0,"160":0,"161":0,"162":0,"163":0,"164":0,"165":0,"166":0,"167":0,"168":0,"169":0,"170":0,"171":0,"172":0,"173":0,"174":0,"175":0,"176":0,"177":0,"178":0,"179":0,"180":0,"181":0,"182":0,"183":0,"184":0,"185":0,"186":0,"187":0,"188":0,"189":0,"190":0,"191":0,"192":0,"193":0,"194":0,"195":0,"196":0,"197":0,"198":0,"199":0,"200":0,"201":0,"202":0,"203":0,"204":0,"205":0,"206":0,"207":0,"208":0,"209":0,"210":0,"211":0,"212":0,"213":0,"214":0,"215":0,"216":1,"217":0,"218":0,"219":0,"220":0,"221":0,"222":0,"223":0,"224":0,"225":0,"226":0,"227":0,"228":0,"229":0,"230":0,"231":0,"232":0,"233":0,"234":0,"235":0,"236":0,"237":0,"238":0,"239":0,"240":0,"241":0,"242":0,"243":0,"244":0,"245":0,"246":0,"247":0,"248":0,"249":0,"250":0,"251":0,"252":0,"253":0,"254":0,"255":0,"256":0,"257":0,"258":0,"259":0,"260":0,"261":0,"262":0,"263":0,"264":0,"265":0,"266":1},"b":{"1":[0,0],"2":[0,0],"3":[0,0],"4":[0,0],"5":[0,0],"6":[0,0],"7":[0,0],"8":[0,0],"9":[0,0],"10":[0,0],"11":[0,0],"12":[0,0],"13":[0,0],"14":[0,0],"15":[0,0],"16":[0,0],"17":[0,0],"18":[0,0],"19":[0,0],"20":[0,0],"21":[0,0],"22":[0,0],"23":[0,0],"24":[0,0],"25":[0,0],"26":[0,0],"27":[0,0],"28":[0,0],"29":[0,0],"30":[0,0],"31":[0,0],"32":[0,0],"33":[0,0],"34":[0,0],"35":[0,0],"36":[0,0],"37":[0,0],"38":[0,0],"39":[0,0],"40":[0,0],"41":[0,0,0,0,0],"42":[0,0],"43":[0,0],"44":[0,0,0],"45":[0,0],"46":[0,0],"47":[0,0],"48":[0,0],"49":[0,0],"50":[0,0],"51":[0,0],"52":[0,0],"53":[0,0],"54":[0,0],"55":[0,0],"56":[0,0],"57":[0,0],"58":[0,0],"59":[0,0],"60":[0,0],"61":[0,0],"62":[0,0],"63":[0,0,0],"64":[0,0],"65":[0,0],"66":[0,0],"67":[0,0],"68":[0,0],"69":[0,0],"70":[0,0],"71":[0,0],"72":[0,0],"73":[0,0],"74":[0,0],"75":[0,0,0],"76":[0,0],"77":[0,0],"78":[0,0]},"f":{"1":0,"2":0,"3":0,"4":0,"5":0,"6":0,"7":0,"8":0,"9":0,"10":0,"11":0,"12":0,"13":0,"14":0,"15":0,"16":0,"17":0,"18":0,"19":0,"20":0,"21":0,"22":0,"23":0,"24":0,"25":0,"26":0,"27":0,"28":0,"29":0,"30":0,"31":0,"32":0,"33":0,"34":0,"35":0,"36":0,"37":0,"38":0,"39":0,"40":0,"41":0,"42":0,"43":0,"44":0,"45":0,"46":0,"47":0,"48":0,"49":0,"50":0,"51":0,"52":0},"fnMap":{"1":{"name":"isValidEventStore","line":22,"loc":{"start":{"line":22,"column":0},"end":{"line":22,"column":33}}},"2":{"name":"(anonymous_2)","line":27,"loc":{"start":{"line":27,"column":4},"end":{"line":27,"column":17}}},"3":{"name":"createEventStore","line":33,"loc":{"start":{"line":33,"column":0},"end":{"line":33,"column":36}}},"4":{"name":"isValidAggregateLock","line":47,"loc":{"start":{"line":47,"column":0},"end":{"line":47,"column":36}}},"5":{"name":"(anonymous_5)","line":52,"loc":{"start":{"line":52,"column":4},"end":{"line":52,"column":17}}},"6":{"name":"isValidCommandBumper","line":58,"loc":{"start":{"line":58,"column":0},"end":{"line":58,"column":36}}},"7":{"name":"(anonymous_7)","line":63,"loc":{"start":{"line":63,"column":6},"end":{"line":63,"column":19}}},"8":{"name":"createAggregateLock","line":69,"loc":{"start":{"line":69,"column":0},"end":{"line":69,"column":39}}},"9":{"name":"createCommandBumper","line":82,"loc":{"start":{"line":82,"column":0},"end":{"line":82,"column":39}}},"10":{"name":"Domain","line":100,"loc":{"start":{"line":100,"column":0},"end":{"line":100,"column":25}}},"11":{"name":"(anonymous_11)","line":153,"loc":{"start":{"line":153,"column":19},"end":{"line":153,"column":31}}},"12":{"name":"(anonymous_12)","line":157,"loc":{"start":{"line":157,"column":15},"end":{"line":157,"column":30}}},"13":{"name":"(anonymous_13)","line":161,"loc":{"start":{"line":161,"column":23},"end":{"line":161,"column":44}}},"14":{"name":"(anonymous_14)","line":175,"loc":{"start":{"line":175,"column":17},"end":{"line":175,"column":39}}},"15":{"name":"(anonymous_15)","line":191,"loc":{"start":{"line":191,"column":15},"end":{"line":191,"column":37}}},"16":{"name":"(anonymous_16)","line":213,"loc":{"start":{"line":213,"column":15},"end":{"line":213,"column":29}}},"17":{"name":"(anonymous_17)","line":225,"loc":{"start":{"line":225,"column":20},"end":{"line":225,"column":40}}},"18":{"name":"(anonymous_18)","line":237,"loc":{"start":{"line":237,"column":24},"end":{"line":237,"column":38}}},"19":{"name":"(anonymous_19)","line":249,"loc":{"start":{"line":249,"column":29},"end":{"line":249,"column":49}}},"20":{"name":"(anonymous_20)","line":261,"loc":{"start":{"line":261,"column":11},"end":{"line":261,"column":25}}},"21":{"name":"(anonymous_21)","line":269,"loc":{"start":{"line":269,"column":22},"end":{"line":269,"column":52}}},"22":{"name":"(anonymous_22)","line":286,"loc":{"start":{"line":286,"column":30},"end":{"line":286,"column":50}}},"23":{"name":"(anonymous_23)","line":339,"loc":{"start":{"line":339,"column":11},"end":{"line":339,"column":23}}},"24":{"name":"(anonymous_24)","line":354,"loc":{"start":{"line":354,"column":19},"end":{"line":354,"column":33}}},"25":{"name":"(anonymous_25)","line":371,"loc":{"start":{"line":371,"column":8},"end":{"line":371,"column":28}}},"26":{"name":"(anonymous_26)","line":379,"loc":{"start":{"line":379,"column":6},"end":{"line":379,"column":26}}},"27":{"name":"(anonymous_27)","line":381,"loc":{"start":{"line":381,"column":74},"end":{"line":381,"column":102}}},"28":{"name":"(anonymous_28)","line":395,"loc":{"start":{"line":395,"column":6},"end":{"line":395,"column":26}}},"29":{"name":"(anonymous_29)","line":400,"loc":{"start":{"line":400,"column":10},"end":{"line":400,"column":30}}},"30":{"name":"(anonymous_30)","line":403,"loc":{"start":{"line":403,"column":42},"end":{"line":403,"column":54}}},"31":{"name":"(anonymous_31)","line":407,"loc":{"start":{"line":407,"column":45},"end":{"line":407,"column":57}}},"32":{"name":"(anonymous_32)","line":415,"loc":{"start":{"line":415,"column":10},"end":{"line":415,"column":30}}},"33":{"name":"(anonymous_33)","line":418,"loc":{"start":{"line":418,"column":45},"end":{"line":418,"column":57}}},"34":{"name":"(anonymous_34)","line":422,"loc":{"start":{"line":422,"column":48},"end":{"line":422,"column":60}}},"35":{"name":"(anonymous_35)","line":430,"loc":{"start":{"line":430,"column":10},"end":{"line":430,"column":30}}},"36":{"name":"(anonymous_36)","line":436,"loc":{"start":{"line":436,"column":45},"end":{"line":436,"column":57}}},"37":{"name":"(anonymous_37)","line":440,"loc":{"start":{"line":440,"column":48},"end":{"line":440,"column":60}}},"38":{"name":"(anonymous_38)","line":450,"loc":{"start":{"line":450,"column":6},"end":{"line":450,"column":26}}},"39":{"name":"(anonymous_39)","line":471,"loc":{"start":{"line":471,"column":7},"end":{"line":471,"column":22}}},"40":{"name":"(anonymous_40)","line":491,"loc":{"start":{"line":491,"column":16},"end":{"line":491,"column":85}}},"41":{"name":"(anonymous_41)","line":498,"loc":{"start":{"line":498,"column":38},"end":{"line":498,"column":53}}},"42":{"name":"(anonymous_42)","line":539,"loc":{"start":{"line":539,"column":33},"end":{"line":539,"column":58}}},"43":{"name":"setEventToDispatched","line":540,"loc":{"start":{"line":540,"column":6},"end":{"line":540,"column":45}}},"44":{"name":"(anonymous_44)","line":546,"loc":{"start":{"line":546,"column":48},"end":{"line":546,"column":63}}},"45":{"name":"(anonymous_45)","line":558,"loc":{"start":{"line":558,"column":42},"end":{"line":558,"column":57}}},"46":{"name":"(anonymous_46)","line":563,"loc":{"start":{"line":563,"column":38},"end":{"line":563,"column":53}}},"47":{"name":"(anonymous_47)","line":572,"loc":{"start":{"line":572,"column":34},"end":{"line":572,"column":49}}},"48":{"name":"(anonymous_48)","line":584,"loc":{"start":{"line":584,"column":7},"end":{"line":584,"column":22}}},"49":{"name":"(anonymous_49)","line":607,"loc":{"start":{"line":607,"column":10},"end":{"line":607,"column":35}}},"50":{"name":"(anonymous_50)","line":616,"loc":{"start":{"line":616,"column":21},"end":{"line":616,"column":33}}},"51":{"name":"(anonymous_51)","line":618,"loc":{"start":{"line":618,"column":45},"end":{"line":618,"column":99}}},"52":{"name":"(anonymous_52)","line":623,"loc":{"start":{"line":623,"column":43},"end":{"line":623,"column":76}}}},"statementMap":{"1":{"start":{"line":3,"column":0},"end":{"line":20,"column":27}},"2":{"start":{"line":22,"column":0},"end":{"line":31,"column":1}},"3":{"start":{"line":24,"column":2},"end":{"line":30,"column":4}},"4":{"start":{"line":28,"column":6},"end":{"line":28,"column":29}},"5":{"start":{"line":33,"column":0},"end":{"line":45,"column":1}},"6":{"start":{"line":34,"column":2},"end":{"line":43,"column":3}},"7":{"start":{"line":36,"column":4},"end":{"line":36,"column":31}},"8":{"start":{"line":37,"column":4},"end":{"line":41,"column":5}},"9":{"start":{"line":38,"column":6},"end":{"line":38,"column":85}},"10":{"start":{"line":39,"column":6},"end":{"line":39,"column":17}},"11":{"start":{"line":40,"column":6},"end":{"line":40,"column":16}},"12":{"start":{"line":42,"column":4},"end":{"line":42,"column":22}},"13":{"start":{"line":44,"column":2},"end":{"line":44,"column":29}},"14":{"start":{"line":47,"column":0},"end":{"line":56,"column":1}},"15":{"start":{"line":49,"column":2},"end":{"line":55,"column":4}},"16":{"start":{"line":53,"column":6},"end":{"line":53,"column":29}},"17":{"start":{"line":58,"column":0},"end":{"line":67,"column":1}},"18":{"start":{"line":60,"column":2},"end":{"line":66,"column":6}},"19":{"start":{"line":64,"column":8},"end":{"line":64,"column":31}},"20":{"start":{"line":69,"column":0},"end":{"line":80,"column":1}},"21":{"start":{"line":70,"column":2},"end":{"line":78,"column":3}},"22":{"start":{"line":72,"column":4},"end":{"line":72,"column":25}},"23":{"start":{"line":73,"column":4},"end":{"line":77,"column":5}},"24":{"start":{"line":74,"column":6},"end":{"line":74,"column":91}},"25":{"start":{"line":75,"column":6},"end":{"line":75,"column":17}},"26":{"start":{"line":76,"column":6},"end":{"line":76,"column":16}},"27":{"start":{"line":79,"column":2},"end":{"line":79,"column":39}},"28":{"start":{"line":82,"column":0},"end":{"line":93,"column":1}},"29":{"start":{"line":83,"column":2},"end":{"line":91,"column":3}},"30":{"start":{"line":85,"column":4},"end":{"line":85,"column":27}},"31":{"start":{"line":86,"column":4},"end":{"line":90,"column":5}},"32":{"start":{"line":87,"column":6},"end":{"line":87,"column":96}},"33":{"start":{"line":88,"column":6},"end":{"line":88,"column":17}},"34":{"start":{"line":89,"column":6},"end":{"line":89,"column":16}},"35":{"start":{"line":92,"column":2},"end":{"line":92,"column":39}},"36":{"start":{"line":100,"column":0},"end":{"line":164,"column":1}},"37":{"start":{"line":101,"column":2},"end":{"line":101,"column":26}},"38":{"start":{"line":103,"column":2},"end":{"line":103,"column":26}},"39":{"start":{"line":105,"column":2},"end":{"line":109,"column":3}},"40":{"start":{"line":106,"column":4},"end":{"line":106,"column":64}},"41":{"start":{"line":107,"column":4},"end":{"line":107,"column":15}},"42":{"start":{"line":108,"column":4},"end":{"line":108,"column":14}},"43":{"start":{"line":111,"column":2},"end":{"line":111,"column":79}},"44":{"start":{"line":113,"column":2},"end":{"line":113,"column":91}},"45":{"start":{"line":115,"column":2},"end":{"line":115,"column":63}},"46":{"start":{"line":117,"column":2},"end":{"line":117,"column":57}},"47":{"start":{"line":119,"column":2},"end":{"line":119,"column":66}},"48":{"start":{"line":121,"column":2},"end":{"line":123,"column":3}},"49":{"start":{"line":122,"column":4},"end":{"line":122,"column":68}},"50":{"start":{"line":125,"column":2},"end":{"line":125,"column":25}},"51":{"start":{"line":127,"column":2},"end":{"line":151,"column":4}},"52":{"start":{"line":153,"column":2},"end":{"line":155,"column":5}},"53":{"start":{"line":154,"column":4},"end":{"line":154,"column":29}},"54":{"start":{"line":157,"column":2},"end":{"line":159,"column":5}},"55":{"start":{"line":158,"column":4},"end":{"line":158,"column":24}},"56":{"start":{"line":161,"column":2},"end":{"line":163,"column":5}},"57":{"start":{"line":162,"column":4},"end":{"line":162,"column":44}},"58":{"start":{"line":166,"column":0},"end":{"line":166,"column":36}},"59":{"start":{"line":168,"column":0},"end":{"line":629,"column":3}},"60":{"start":{"line":176,"column":4},"end":{"line":180,"column":5}},"61":{"start":{"line":177,"column":6},"end":{"line":177,"column":61}},"62":{"start":{"line":178,"column":6},"end":{"line":178,"column":17}},"63":{"start":{"line":179,"column":6},"end":{"line":179,"column":16}},"64":{"start":{"line":182,"column":4},"end":{"line":182,"column":80}},"65":{"start":{"line":183,"column":4},"end":{"line":183,"column":16}},"66":{"start":{"line":192,"column":4},"end":{"line":196,"column":5}},"67":{"start":{"line":193,"column":6},"end":{"line":193,"column":61}},"68":{"start":{"line":194,"column":6},"end":{"line":194,"column":17}},"69":{"start":{"line":195,"column":6},"end":{"line":195,"column":16}},"70":{"start":{"line":198,"column":4},"end":{"line":198,"column":76}},"71":{"start":{"line":200,"column":4},"end":{"line":204,"column":5}},"72":{"start":{"line":201,"column":6},"end":{"line":203,"column":9}},"73":{"start":{"line":205,"column":4},"end":{"line":205,"column":16}},"74":{"start":{"line":214,"column":4},"end":{"line":218,"column":5}},"75":{"start":{"line":215,"column":6},"end":{"line":215,"column":59}},"76":{"start":{"line":216,"column":6},"end":{"line":216,"column":17}},"77":{"start":{"line":217,"column":6},"end":{"line":217,"column":16}},"78":{"start":{"line":220,"column":4},"end":{"line":223,"column":5}},"79":{"start":{"line":221,"column":6},"end":{"line":221,"column":25}},"80":{"start":{"line":222,"column":6},"end":{"line":222,"column":18}},"81":{"start":{"line":225,"column":4},"end":{"line":227,"column":6}},"82":{"start":{"line":226,"column":6},"end":{"line":226,"column":27}},"83":{"start":{"line":229,"column":4},"end":{"line":229,"column":16}},"84":{"start":{"line":238,"column":4},"end":{"line":242,"column":5}},"85":{"start":{"line":239,"column":6},"end":{"line":239,"column":59}},"86":{"start":{"line":240,"column":6},"end":{"line":240,"column":17}},"87":{"start":{"line":241,"column":6},"end":{"line":241,"column":16}},"88":{"start":{"line":244,"column":4},"end":{"line":247,"column":5}},"89":{"start":{"line":245,"column":6},"end":{"line":245,"column":34}},"90":{"start":{"line":246,"column":6},"end":{"line":246,"column":18}},"91":{"start":{"line":249,"column":4},"end":{"line":251,"column":6}},"92":{"start":{"line":250,"column":6},"end":{"line":250,"column":27}},"93":{"start":{"line":253,"column":4},"end":{"line":253,"column":16}},"94":{"start":{"line":262,"column":4},"end":{"line":266,"column":5}},"95":{"start":{"line":263,"column":6},"end":{"line":263,"column":59}},"96":{"start":{"line":264,"column":6},"end":{"line":264,"column":17}},"97":{"start":{"line":265,"column":6},"end":{"line":265,"column":16}},"98":{"start":{"line":268,"column":4},"end":{"line":273,"column":5}},"99":{"start":{"line":269,"column":6},"end":{"line":272,"column":9}},"100":{"start":{"line":270,"column":8},"end":{"line":270,"column":18}},"101":{"start":{"line":271,"column":8},"end":{"line":271,"column":23}},"102":{"start":{"line":275,"column":4},"end":{"line":275,"column":28}},"103":{"start":{"line":277,"column":4},"end":{"line":277,"column":16}},"104":{"start":{"line":287,"column":4},"end":{"line":291,"column":5}},"105":{"start":{"line":288,"column":6},"end":{"line":288,"column":58}},"106":{"start":{"line":289,"column":6},"end":{"line":289,"column":17}},"107":{"start":{"line":290,"column":6},"end":{"line":290,"column":16}},"108":{"start":{"line":292,"column":4},"end":{"line":296,"column":5}},"109":{"start":{"line":293,"column":6},"end":{"line":293,"column":56}},"110":{"start":{"line":294,"column":6},"end":{"line":294,"column":17}},"111":{"start":{"line":295,"column":6},"end":{"line":295,"column":16}},"112":{"start":{"line":298,"column":4},"end":{"line":298,"column":17}},"113":{"start":{"line":300,"column":4},"end":{"line":302,"column":5}},"114":{"start":{"line":301,"column":6},"end":{"line":301,"column":97}},"115":{"start":{"line":304,"column":4},"end":{"line":304,"column":102}},"116":{"start":{"line":305,"column":4},"end":{"line":305,"column":87}},"117":{"start":{"line":306,"column":4},"end":{"line":306,"column":105}},"118":{"start":{"line":307,"column":4},"end":{"line":307,"column":109}},"119":{"start":{"line":309,"column":4},"end":{"line":311,"column":5}},"120":{"start":{"line":310,"column":6},"end":{"line":310,"column":107}},"121":{"start":{"line":313,"column":4},"end":{"line":315,"column":5}},"122":{"start":{"line":314,"column":6},"end":{"line":314,"column":103}},"123":{"start":{"line":317,"column":4},"end":{"line":330,"column":5}},"124":{"start":{"line":320,"column":6},"end":{"line":327,"column":9}},"125":{"start":{"line":329,"column":6},"end":{"line":329,"column":17}},"126":{"start":{"line":332,"column":4},"end":{"line":332,"column":15}},"127":{"start":{"line":340,"column":4},"end":{"line":344,"column":5}},"128":{"start":{"line":341,"column":6},"end":{"line":341,"column":46}},"129":{"start":{"line":342,"column":6},"end":{"line":342,"column":17}},"130":{"start":{"line":343,"column":6},"end":{"line":343,"column":16}},"131":{"start":{"line":346,"column":4},"end":{"line":346,"column":31}},"132":{"start":{"line":355,"column":4},"end":{"line":359,"column":5}},"133":{"start":{"line":356,"column":6},"end":{"line":356,"column":59}},"134":{"start":{"line":357,"column":6},"end":{"line":357,"column":17}},"135":{"start":{"line":358,"column":6},"end":{"line":358,"column":16}},"136":{"start":{"line":361,"column":4},"end":{"line":361,"column":33}},"137":{"start":{"line":363,"column":4},"end":{"line":363,"column":16}},"138":{"start":{"line":373,"column":4},"end":{"line":373,"column":20}},"139":{"start":{"line":375,"column":4},"end":{"line":375,"column":24}},"140":{"start":{"line":377,"column":4},"end":{"line":478,"column":7}},"141":{"start":{"line":380,"column":8},"end":{"line":380,"column":37}},"142":{"start":{"line":381,"column":8},"end":{"line":391,"column":11}},"143":{"start":{"line":382,"column":10},"end":{"line":384,"column":11}},"144":{"start":{"line":383,"column":12},"end":{"line":383,"column":33}},"145":{"start":{"line":385,"column":10},"end":{"line":385,"column":27}},"146":{"start":{"line":387,"column":10},"end":{"line":387,"column":127}},"147":{"start":{"line":387,"column":40},"end":{"line":387,"column":127}},"148":{"start":{"line":389,"column":10},"end":{"line":389,"column":50}},"149":{"start":{"line":390,"column":10},"end":{"line":390,"column":25}},"150":{"start":{"line":396,"column":8},"end":{"line":396,"column":43}},"151":{"start":{"line":397,"column":8},"end":{"line":446,"column":21}},"152":{"start":{"line":401,"column":12},"end":{"line":401,"column":43}},"153":{"start":{"line":403,"column":12},"end":{"line":405,"column":15}},"154":{"start":{"line":404,"column":14},"end":{"line":404,"column":35}},"155":{"start":{"line":407,"column":12},"end":{"line":409,"column":15}},"156":{"start":{"line":408,"column":14},"end":{"line":408,"column":38}},"157":{"start":{"line":411,"column":12},"end":{"line":411,"column":43}},"158":{"start":{"line":416,"column":12},"end":{"line":416,"column":46}},"159":{"start":{"line":418,"column":12},"end":{"line":420,"column":15}},"160":{"start":{"line":419,"column":14},"end":{"line":419,"column":35}},"161":{"start":{"line":422,"column":12},"end":{"line":424,"column":15}},"162":{"start":{"line":423,"column":14},"end":{"line":423,"column":38}},"163":{"start":{"line":426,"column":12},"end":{"line":426,"column":49}},"164":{"start":{"line":431,"column":12},"end":{"line":433,"column":13}},"165":{"start":{"line":432,"column":14},"end":{"line":432,"column":36}},"166":{"start":{"line":434,"column":12},"end":{"line":434,"column":46}},"167":{"start":{"line":436,"column":12},"end":{"line":438,"column":15}},"168":{"start":{"line":437,"column":14},"end":{"line":437,"column":35}},"169":{"start":{"line":440,"column":12},"end":{"line":442,"column":15}},"170":{"start":{"line":441,"column":14},"end":{"line":441,"column":38}},"171":{"start":{"line":444,"column":12},"end":{"line":444,"column":49}},"172":{"start":{"line":451,"column":8},"end":{"line":451,"column":51}},"173":{"start":{"line":453,"column":8},"end":{"line":453,"column":112}},"174":{"start":{"line":454,"column":8},"end":{"line":463,"column":48}},"175":{"start":{"line":465,"column":8},"end":{"line":467,"column":9}},"176":{"start":{"line":466,"column":10},"end":{"line":466,"column":65}},"177":{"start":{"line":469,"column":8},"end":{"line":469,"column":23}},"178":{"start":{"line":472,"column":6},"end":{"line":476,"column":7}},"179":{"start":{"line":473,"column":8},"end":{"line":473,"column":19}},"180":{"start":{"line":475,"column":8},"end":{"line":475,"column":31}},"181":{"start":{"line":477,"column":6},"end":{"line":477,"column":44}},"182":{"start":{"line":477,"column":20},"end":{"line":477,"column":44}},"183":{"start":{"line":492,"column":4},"end":{"line":492,"column":20}},"184":{"start":{"line":494,"column":4},"end":{"line":522,"column":5}},"185":{"start":{"line":495,"column":6},"end":{"line":495,"column":17}},"186":{"start":{"line":496,"column":6},"end":{"line":496,"column":64}},"187":{"start":{"line":497,"column":6},"end":{"line":510,"column":7}},"188":{"start":{"line":498,"column":8},"end":{"line":498,"column":83}},"189":{"start":{"line":498,"column":55},"end":{"line":498,"column":79}},"190":{"start":{"line":498,"column":66},"end":{"line":498,"column":77}},"191":{"start":{"line":500,"column":8},"end":{"line":508,"column":9}},"192":{"start":{"line":501,"column":10},"end":{"line":507,"column":11}},"193":{"start":{"line":502,"column":12},"end":{"line":502,"column":76}},"194":{"start":{"line":504,"column":12},"end":{"line":504,"column":21}},"195":{"start":{"line":505,"column":12},"end":{"line":505,"column":33}},"196":{"start":{"line":506,"column":12},"end":{"line":506,"column":49}},"197":{"start":{"line":509,"column":8},"end":{"line":509,"column":15}},"198":{"start":{"line":512,"column":6},"end":{"line":520,"column":7}},"199":{"start":{"line":513,"column":8},"end":{"line":519,"column":9}},"200":{"start":{"line":514,"column":10},"end":{"line":514,"column":51}},"201":{"start":{"line":516,"column":10},"end":{"line":516,"column":19}},"202":{"start":{"line":517,"column":10},"end":{"line":517,"column":31}},"203":{"start":{"line":518,"column":10},"end":{"line":518,"column":47}},"204":{"start":{"line":521,"column":6},"end":{"line":521,"column":13}},"205":{"start":{"line":524,"column":4},"end":{"line":524,"column":18}},"206":{"start":{"line":525,"column":4},"end":{"line":537,"column":5}},"207":{"start":{"line":526,"column":6},"end":{"line":526,"column":67}},"208":{"start":{"line":527,"column":6},"end":{"line":535,"column":7}},"209":{"start":{"line":528,"column":8},"end":{"line":534,"column":9}},"210":{"start":{"line":529,"column":10},"end":{"line":529,"column":57}},"211":{"start":{"line":531,"column":10},"end":{"line":531,"column":19}},"212":{"start":{"line":532,"column":10},"end":{"line":532,"column":31}},"213":{"start":{"line":533,"column":10},"end":{"line":533,"column":47}},"214":{"start":{"line":536,"column":6},"end":{"line":536,"column":13}},"215":{"start":{"line":539,"column":4},"end":{"line":598,"column":7}},"216":{"start":{"line":540,"column":6},"end":{"line":553,"column":7}},"217":{"start":{"line":541,"column":8},"end":{"line":544,"column":9}},"218":{"start":{"line":542,"column":10},"end":{"line":542,"column":36}},"219":{"start":{"line":543,"column":10},"end":{"line":543,"column":32}},"220":{"start":{"line":545,"column":8},"end":{"line":545,"column":41}},"221":{"start":{"line":546,"column":8},"end":{"line":552,"column":11}},"222":{"start":{"line":547,"column":10},"end":{"line":549,"column":11}},"223":{"start":{"line":548,"column":12},"end":{"line":548,"column":33}},"224":{"start":{"line":550,"column":10},"end":{"line":550,"column":31}},"225":{"start":{"line":551,"column":10},"end":{"line":551,"column":20}},"226":{"start":{"line":555,"column":6},"end":{"line":583,"column":7}},"227":{"start":{"line":556,"column":8},"end":{"line":556,"column":34}},"228":{"start":{"line":557,"column":8},"end":{"line":580,"column":9}},"229":{"start":{"line":558,"column":10},"end":{"line":569,"column":13}},"230":{"start":{"line":559,"column":12},"end":{"line":562,"column":13}},"231":{"start":{"line":560,"column":14},"end":{"line":560,"column":25}},"232":{"start":{"line":561,"column":14},"end":{"line":561,"column":35}},"233":{"start":{"line":563,"column":12},"end":{"line":568,"column":15}},"234":{"start":{"line":564,"column":14},"end":{"line":566,"column":15}},"235":{"start":{"line":565,"column":16},"end":{"line":565,"column":37}},"236":{"start":{"line":567,"column":14},"end":{"line":567,"column":29}},"237":{"start":{"line":572,"column":10},"end":{"line":579,"column":13}},"238":{"start":{"line":573,"column":12},"end":{"line":576,"column":13}},"239":{"
[...]
":{"4":1,"7":1,"10":0,"13":0,"14":0,"18":0,"19":0,"24":1,"27":1,"29":1}},"/home/travis/build/npmtest/node-npmtest-cqrs-domain/node_modules/cqrs-domain/lib/commandDispatcher.js":{"path":"/home/travis/build/npmtest/node-npmtest-cqrs-domain/node_modules/cqrs-domain/lib/commandDispatcher.js","s":{"1":1,"2":1,"3":0,"4":0,"5":0,"6":0,"7":0,"8":0,"9":0,"10":0,"11":0,"12":0,"13":0,"14":1,"15":0,"16":0,"17":0,"18":0,"19":0,"20":0,"21":0,"22":0,"23":0,"24":0,"25":0,"26":0,"27":0,"28":0,"29":0,"30":0,"31":0,"32":0,"33":0,"34":0,"35":0,"36":0,"37":0,"38":0,"39":0,"40":0,"41":0,"42":0,"43":0,"44":0,"45":0,"46":0,"47":0,"48":0,"49":0,"50":0,"51":0,"52":0,"53":0,"54":0,"55":0,"56":0,"57":0,"58":0,"59":0,"60":1},"b":{"1":[0,0],"2":[0,0,0],"3":[0,0],"4":[0,0],"5":[0,0],"6":[0,0],"7":[0,0],"8":[0,0],"9":[0,0],"10":[0,0],"11":[0,0],"12":[0,0],"13":[0,0],"14":[0,0],"15":[0,0],"16":[0,0],"17":[0,0],"18":[0,0]},"f":{"1":0,"2":0,"3":0,"4":0},"fnMap":{"1":{"name":"CommandDispatcher","line":15,"loc":{"start":{"line":15,"column":0},"end":{"line":15,"column":61}}},"2":{"name":"(anonymous_2)","line":41,"loc":{"start":{"line":41,"column":24},"end":{"line":41,"column":39}}},"3":{"name":"(anonymous_3)","line":93,"loc":{"start":{"line":93,"column":12},"end":{"line":93,"column":37}}},"4":{"name":"(anonymous_4)","line":126,"loc":{"start":{"line":126,"column":32},"end":{"line":126,"column":54}}}},"statementMap":{"1":{"start":{"line":3,"column":0},"end":{"line":6,"column":68}},"2":{"start":{"line":15,"column":0},"end":{"line":32,"column":1}},"3":{"start":{"line":16,"column":2},"end":{"line":20,"column":3}},"4":{"start":{"line":17,"column":4},"end":{"line":17,"column":53}},"5":{"start":{"line":18,"column":4},"end":{"line":18,"column":15}},"6":{"start":{"line":19,"column":4},"end":{"line":19,"column":14}},"7":{"start":{"line":22,"column":2},"end":{"line":26,"column":3}},"8":{"start":{"line":23,"column":4},"end":{"line":23,"column":67}},"9":{"start":{"line":24,"column":4},"end":{"line":24,"column":15}},"10":{"start":{"line":25,"column":4},"end":{"line":25,"column":14}},"11":{"start":{"line":28,"column":2},"end":{"line":28,"column":19}},"12":{"start":{"line":29,"column":2},"end":{"line":29,"column":31}},"13":{"start":{"line":31,"column":2},"end":{"line":31,"column":37}},"14":{"start":{"line":34,"column":0},"end":{"line":139,"column":2}},"15":{"start":{"line":42,"column":4},"end":{"line":46,"column":5}},"16":{"start":{"line":43,"column":6},"end":{"line":43,"column":58}},"17":{"start":{"line":44,"column":6},"end":{"line":44,"column":17}},"18":{"start":{"line":45,"column":6},"end":{"line":45,"column":16}},"19":{"start":{"line":48,"column":4},"end":{"line":48,"column":27}},"20":{"start":{"line":49,"column":4},"end":{"line":53,"column":5}},"21":{"start":{"line":50,"column":6},"end":{"line":50,"column":64}},"22":{"start":{"line":52,"column":6},"end":{"line":52,"column":69}},"23":{"start":{"line":55,"column":4},"end":{"line":55,"column":52}},"24":{"start":{"line":57,"column":4},"end":{"line":57,"column":20}},"25":{"start":{"line":58,"column":4},"end":{"line":62,"column":5}},"26":{"start":{"line":59,"column":6},"end":{"line":59,"column":56}},"27":{"start":{"line":61,"column":6},"end":{"line":61,"column":56}},"28":{"start":{"line":64,"column":4},"end":{"line":64,"column":25}},"29":{"start":{"line":65,"column":4},"end":{"line":69,"column":5}},"30":{"start":{"line":66,"column":6},"end":{"line":66,"column":60}},"31":{"start":{"line":68,"column":6},"end":{"line":68,"column":65}},"32":{"start":{"line":71,"column":4},"end":{"line":71,"column":23}},"33":{"start":{"line":72,"column":4},"end":{"line":76,"column":5}},"34":{"start":{"line":73,"column":6},"end":{"line":73,"column":56}},"35":{"start":{"line":75,"column":6},"end":{"line":75,"column":67}},"36":{"start":{"line":78,"column":4},"end":{"line":84,"column":6}},"37":{"start":{"line":94,"column":4},"end":{"line":98,"column":5}},"38":{"start":{"line":95,"column":6},"end":{"line":95,"column":58}},"39":{"start":{"line":96,"column":6},"end":{"line":96,"column":17}},"40":{"start":{"line":97,"column":6},"end":{"line":97,"column":16}},"41":{"start":{"line":100,"column":4},"end":{"line":104,"column":5}},"42":{"start":{"line":101,"column":6},"end":{"line":101,"column":59}},"43":{"start":{"line":102,"column":6},"end":{"line":102,"column":17}},"44":{"start":{"line":103,"column":6},"end":{"line":103,"column":16}},"45":{"start":{"line":106,"column":4},"end":{"line":106,"column":48}},"46":{"start":{"line":108,"column":4},"end":{"line":108,"column":61}},"47":{"start":{"line":114,"column":4},"end":{"line":118,"column":5}},"48":{"start":{"line":115,"column":6},"end":{"line":115,"column":73}},"49":{"start":{"line":116,"column":6},"end":{"line":116,"column":17}},"50":{"start":{"line":117,"column":6},"end":{"line":117,"column":27}},"51":{"start":{"line":120,"column":4},"end":{"line":122,"column":5}},"52":{"start":{"line":121,"column":6},"end":{"line":121,"column":50}},"53":{"start":{"line":124,"column":4},"end":{"line":124,"column":106}},"54":{"start":{"line":126,"column":4},"end":{"line":136,"column":7}},"55":{"start":{"line":127,"column":6},"end":{"line":129,"column":7}},"56":{"start":{"line":128,"column":8},"end":{"line":128,"column":29}},"57":{"start":{"line":131,"column":6},"end":{"line":133,"column":7}},"58":{"start":{"line":132,"column":8},"end":{"line":132,"column":76}},"59":{"start":{"line":135,"column":6},"end":{"line":135,"column":43}},"60":{"start":{"line":141,"column":0},"end":{"line":141,"column":35}}},"branchMap":{"1":{"line":16,"type":"if","locations":[{"start":{"line":16,"column":2},"end":{"line":16,"column":2}},{"start":{"line":16,"column":2},"end":{"line":16,"column":2}}]},"2":{"line":16,"type":"binary-expr","locations":[{"start":{"line":16,"column":6},"end":{"line":16,"column":11}},{"start":{"line":16,"column":15},"end":{"line":16,"column":32}},{"start":{"line":16,"column":36},"end":{"line":16,"column":73}}]},"3":{"line":22,"type":"if","locations":[{"start":{"line":22,"column":2},"end":{"line":22,"column":2}},{"start":{"line":22,"column":2},"end":{"line":22,"column":2}}]},"4":{"line":22,"type":"binary-expr","locations":[{"start":{"line":22,"column":6},"end":{"line":22,"column":17}},{"start":{"line":22,"column":21},"end":{"line":22,"column":44}}]},"5":{"line":42,"type":"if","locations":[{"start":{"line":42,"column":4},"end":{"line":42,"column":4}},{"start":{"line":42,"column":4},"end":{"line":42,"column":4}}]},"6":{"line":42,"type":"binary-expr","locations":[{"start":{"line":42,"column":8},"end":{"line":42,"column":12}},{"start":{"line":42,"column":16},"end":{"line":42,"column":32}}]},"7":{"line":49,"type":"if","locations":[{"start":{"line":49,"column":4},"end":{"line":49,"column":4}},{"start":{"line":49,"column":4},"end":{"line":49,"column":4}}]},"8":{"line":58,"type":"if","locations":[{"start":{"line":58,"column":4},"end":{"line":58,"column":4}},{"start":{"line":58,"column":4},"end":{"line":58,"column":4}}]},"9":{"line":65,"type":"if","locations":[{"start":{"line":65,"column":4},"end":{"line":65,"column":4}},{"start":{"line":65,"column":4},"end":{"line":65,"column":4}}]},"10":{"line":72,"type":"if","locations":[{"start":{"line":72,"column":4},"end":{"line":72,"column":4}},{"start":{"line":72,"column":4},"end":{"line":72,"column":4}}]},"11":{"line":94,"type":"if","locations":[{"start":{"line":94,"column":4},"end":{"line":94,"column":4}},{"start":{"line":94,"column":4},"end":{"line":94,"column":4}}]},"12":{"line":94,"type":"binary-expr","locations":[{"start":{"line":94,"column":8},"end":{"line":94,"column":12}},{"start":{"line":94,"column":16},"end":{"line":94,"column":32}}]},"13":{"line":100,"type":"if","locations":[{"start":{"line":100,"column":4},"end":{"line":100,"column":4}},{"start":{"line":100,"column":4},"end":{"line":100,"column":4}}]},"14":{"line":100,"type":"binary-expr","locations":[{"start":{"line":100,"column":8},"end":{"line":100,"column":17}},{"start":{"line":100,"column":21},"end":{"line":100,"column":44}}]},"15":{"line":114,"type":"if","locations":[{"start":{"line":114,"column":4},"end":{"line":114,"column":4}},{"start":{"line":114,"column":4},"end":{"line":114,"column":4}}]},"16":{"line":120,"type":"if","locations":[{"start":{"line":120,"column":4},"end":{"line":120,"column":4}},{"start":{"line":120,"column":4},"end":{"line":120,"column":4}}]},"17":{"line":127,"type":"if","locations":[{"start":{"line":127,"column":6},"end":{"line":127,"column":6}},{"start":{"line":127,"column":6},"end":{"line":127,"column":6}}]},"18":{"line":131,"type":"if","locations":[{"start":{"line":131,"column":6},"end":{"line":131,"column":6}},{"start":{"line":131,"column":6},"end":{"line":131,"column":6}}]}},"code":["'use strict';","","var debug = require('debug')('domain:commandDispatcher'),","  _ = require('lodash'),","  dotty = require('dotty'),","  DuplicateCommandError = require('./errors/duplicateCommandError');","","/**"," * CommandDispatcher constructor"," * @param {Object} tree          The tree object."," * @param {Object} definition    The definition object."," * @param {Object} commandBunper The commandBumper object. [optional]"," * @constructor"," */","function CommandDispatcher (tree, definition, commandBumper) {","  if (!tree || !_.isObject(tree) || !_.isFunction(tree.getCommandHandler)) {","    var err = new Error('Please pass a valid tree!');","    debug(err);","    throw err;","  }","","  if (!definition || !_.isObject(definition)) {","    var err = new Error('Please pass a valid command definition!');","    debug(err);","    throw err;","  }","","  this.tree = tree;","  this.definition = definition;","","  this.commandBumper = commandBumper;","}","","CommandDispatcher.prototype = {","","  /**","   * Returns the target information of this command.","   * @param {Object} cmd The passed command.","   * @returns {{name: 'commandName', aggregateId: 'aggregateId', version: 0, aggregate: 'aggregateName', context: 'contextName'}}","   */","  getTargetInformation: function (cmd) {","    if (!cmd || !_.isObject(cmd)) {","      var err = new Error('Please pass a valid command!');","      debug(err);","      throw err;","    }","","    var aggregateId = null;","    if (dotty.exists(cmd, this.definition.aggregateId)) {","      aggregateId = dotty.get(cmd, this.definition.aggregateId);","    } else {","      debug('no aggregateId found, seems to be for a new aggregate');","    }","","    var name = dotty.get(cmd, this.definition.name);","","    var version = 0;","    if (dotty.exists(cmd, this.definition.version)) {","      version = dotty.get(cmd, this.definition.version);","    } else {","      debug('no version found, handling as version: 0');","    }","","    var aggregate = null;","    if (dotty.exists(cmd, this.definition.aggregate)) {","      aggregate = dotty.get(cmd, this.definition.aggregate);","    } else {","      debug('no aggregate found, will lookup in all aggregates');","    }","","    var context = null;","    if (dotty.exists(cmd, this.definition.context)) {","      context = dotty.get(cmd, this.definition.context);","    } else {","      debug('no aggregateName found, will lookup in all contexts');","    }","","    return {","      name: name,","      aggregateId: aggregateId,","      version: version,","      aggregate: aggregate,","      context: context","    };","  },","","  /**","   * Dispatches a command.","   * @param {Object}   cmd      The passed command.","   * @param {Function} callback The function, that will be called when this action is completed.","   *                            `function(err, evts){}`","   */","  dispatch: function (cmd, callback) {","    if (!cmd || !_.isObject(cmd)) {","      var err = new Error('Please pass a valid command!');","      debug(err);","      throw err;","    }","","    if (!callback || !_.isFunction(callback)) {","      var err = new Error('Please pass a valid callback!');","      debug(err);","      throw err;","    }","","    var target = this.getTargetInformation(cmd);","","    var commandHandler = this.tree.getCommandHandler(target);","","    // if (!commandHandler) {","    //   commandHandler = this.tree.getCommandHandlerByOldTarget(target);","    // }","","    if (!commandHandler) {","      var err = new Error('No command handler found for ' + target.name);","      debug(err);","      return callback(err);","    }","","    if (!this.commandBumper) {","      return commandHandler.handle(cmd, callback);","    }","","    var key = target.context + target.aggregate + target.aggregateId + dotty.get(cmd, this.definition.id);","","    this.commandBumper.add(key, function (err, added) {","      if (err) {","        return callback(err);","      }","","      if (!added) {","        return callback(new DuplicateCommandError('Command already seen!'));","      }","","      commandHandler.handle(cmd, callback);","    });","  }","","};","","module.exports = CommandDispatcher;",""],"l":{"3":1,"15":1,"16":0,"17":0,"18":0,"19":0,"22":0,"23":0,"24":0,"25":0,"28":0,"29":0,"31":0,"34":1,"42":0,"43":0,"44":0,"45":0,"48":0,"49":0,"50":0,"52":0,"55":0,"57":0,"58":0,"59":0,"61":0,"64":0,"65":0,"66":0,"68":0,"71":0,"72":0,"73":0,"75":0,"78":0,"94":0,"95":0,"96":0,"97":0,"100":0,"101":0,"102":0,"103":0,"106":0,"108":0,"114":0,"115":0,"116":0,"117":0,"120":0,"121":0,"124":0,"126":0,"127":0,"128":0,"131":0,"132":0,"135":0,"141":1}},"/home/travis/build/npmtest/node-npmtest-cqrs-domain/node_modules/cqrs-domain/lib/validator.js":{"path":"/home/travis/build/npmtest/node-npmtest-cqrs-domain/node_modules/cqrs-domain/lib/validator.js","s":{"1":1,"2":1,"3":0,"4":0,"5":0,"6":0,"7":0,"8":0,"9":0,"10":0,"11":0,"12":0,"13":0,"14":0,"15":0,"16":0,"17":0,"18":0,"19":0,"20":0,"21":0,"22":0,"23":0,"24":0,"25":0,"26":0,"27":0,"28":0,"29":0,"30":0,"31":1},"b":{"1":[0,0],"2":[0,0],"3":[0,0],"4":[0,0],"5":[0,0],"6":[0,0],"7":[0,0],"8":[0,0],"9":[0,0,0]},"f":{"1":0,"2":0,"3":0},"fnMap":{"1":{"name":"getValidator","line":14,"loc":{"start":{"line":14,"column":0},"end":{"line":14,"column":40}}},"2":{"name":"(anonymous_2)","line":27,"loc":{"start":{"line":27,"column":26},"end":{"line":27,"column":42}}},"3":{"name":"(anonymous_3)","line":33,"loc":{"start":{"line":33,"column":9},"end":{"line":33,"column":25}}}},"statementMap":{"1":{"start":{"line":3,"column":0},"end":{"line":6,"column":56}},"2":{"start":{"line":14,"column":0},"end":{"line":60,"column":1}},"3":{"start":{"line":15,"column":2},"end":{"line":15,"column":26}},"4":{"start":{"line":16,"column":2},"end":{"line":16,"column":42}},"5":{"start":{"line":17,"column":2},"end":{"line":17,"column":42}},"6":{"start":{"line":19,"column":2},"end":{"line":23,"column":3}},"7":{"start":{"line":20,"column":4},"end":{"line":20,"column":55}},"8":{"start":{"line":21,"column":4},"end":{"line":21,"column":15}},"9":{"start":{"line":22,"column":4},"end":{"line":22,"column":14}},"10":{"start":{"line":25,"column":2},"end":{"line":25,"column":33}},"11":{"start":{"line":27,"column":2},"end":{"line":29,"column":5}},"12":{"start":{"line":28,"column":4},"end":{"line":28,"column":24}},"13":{"start":{"line":31,"column":2},"end":{"line":31,"column":33}},"14":{"start":{"line":33,"column":2},"end":{"line":59,"column":4}},"15":{"start":{"line":34,"column":4},"end":{"line":34,"column":56}},"16":{"start":{"line":36,"column":4},"end":{"line":46,"column":5}},"17":{"start":{"line":37,"column":6},"end":{"line":37,"column":48}},"18":{"start":{"line":39,"column":6},"end":{"line":41,"column":7}},"19":{"start":{"line":40,"column":8},"end":{"line":40,"column":54}},"20":{"start":{"line":43,"column":6},"end":{"line":43,"column":83}},"21":{"start":{"line":44,"column":6},"end":{"line":44,"column":17}},"22":{"start":{"line":45,"column":6},"end":{"line":45,"column":17}},"23":{"start":{"line":48,"column":4},"end":{"line":56,"column":5}},"24":{"start":{"line":49,"column":6},"end":{"line":49,"column":37}},"25":{"start":{"line":50,"column":6},"end":{"line":50,"column":44}},"26":{"start":{"line":51,"column":6},"end":{"line":54,"column":7}},"27":{"start":{"line":52,"column":8},"end":{"line":52,"column":45}},"28":{"start":{"line":53,"column":8},"end":{"line":53,"column":38}},"29":{"start":{"line":55,"column":6},"end":{"line":55,"column":92}},"30":{"start":{"line":58,"column":4},"end":{"line":58,"column":16}},"31":{"start":{"line":62,"column":0},"end":{"line":62,"column":30}}},"branchMap":{"1":{"line":15,"type":"binary-expr","locations":[{"start":{"line":15,"column":12},"end":{"line":15,"column":19}},{"start":{"line":15,"column":23},"end":{"line":15,"column":25}}]},"2":{"line":16,"type":"binary-expr","locations":[{"start":{"line":16,"column":20},"end":{"line":16,"column":35}},{"start":{"line":16,"column":39},"end":{"line":16,"column":41}}]},"3":{"line":17,"type":"binary-expr","locations":[{"start":{"line":17,"column":20},"end":{"line":17,"column":35}},{"start":{"line":17,"column":39},"end":{"line":17,"column":41}}]},"4":{"line":19,"type":"if","locations":[{"start":{"line":19,"column":2},"end":{"line":19,"column":2}},{"start":{"line":19,"column":2},"end":{"line":19,"column":2}}]},"5":{"line":19,"type":"binary-expr","locations":[{"start":{"line":19,"column":6},"end":{"line":19,"column":13}},{"start":{"line":19,"column":17},"end":{"line":19,"column":36}}]},"6":{"line":36,"type":"if","locations":[{"start":{"line":36,"column":4},"end":{"line":36,"column":4}},{"start":{"line":36,"column":4},"end":{"line":36,"column":4}}]},"7":{"line":48,"type":"if","locations":[{"start":{"line":48,"column":4},"end":{"line":48,"column":4}},{"start":{"line":48,"column":4},"end":{"line":48,"column":4}}]},"8":{"line":51,"type":"if","locations":[{"start":{"line":51,"column":6},"end":{"line":51,"column":6}},{"start":{"line":51,"column":6},"end":{"line":51,"column":6}}]},"9":{"line":51,"type":"binary-expr","locations":[{"start":{"line":51,"column":10},"end":{"line":51,"column":66}},{"start":{"line":51,"column":70},"end":{"line":51,"column":90}},{"start":{"line":51,"column":94},"end":{"line":51,"column":125}}]}},"code":["'use strict';","","var debug = require('debug')('domain:validator'),","  _ = require('lodash'),","  tv4Module = require('tv4'),","  ValidationError = require('./errors/validationError');","","/**"," * Returns a validator function."," * @param {Object} options The options object."," * @param {Object} schema  The schema object."," * @returns {Function}"," */","function getValidator (options, schema) {","  options = options || {};","  options.schemas = options.schemas || {};","  options.formats = options.formats || {};","","  if (!schema || !_.isObject(schema)) {","    var err = new Error('Please pass a valid schema!');","    debug(err);","    throw err;","  }","","  var tv4 = tv4Module.freshApi();","","  _.each(options.schemas, function (v, k) {","    tv4.addSchema(k, v);","  });","","  tv4.addFormat(options.formats);","","  return function (data) {","    var validation = tv4.validateMultiple(data, schema);","","    if (validation.missing.length > 0) {","      var missingString = validation.missing[0];","","      for (var m = 1, lenM = validation.missing.length; m < lenM; m++) {","        missingString += ', ' + validation.missing[m];","      }","","      var err = new Error('Validation schema(s) \"' + missingString + '\" missing!');","      debug(err);","      return err;","    }","","    if (!validation.valid) {","      var errors = validation.errors;","      var firstError = validation.errors[0];","      if (firstError.message.indexOf('not match any schemas') >= 0 && firstError.subErrors && firstError.subErrors.length > 0) {","        firstError = firstError.subErrors[0];","        errors = firstError.subErrors;","      }","      return new ValidationError(firstError.dataPath + ' => ' + firstError.message, errors);","    }","","    return null;","  };","}","","module.exports = getValidator;",""],"l":{"3":1,"14":1,"15":0,"16":0,"17":0,"19":0,"20":0,"21":0,"22":0,"25":0,"27":0,"28":0,"31":0,"33":0,"34":0,"36":0,"37":0,"39":0,"40":0,"43":0,"44":0,"45":0,"48":0,"49":0,"50":0,"51":0,"52":0,"53":0,"55":0,"58":0,"62":1}}}